C51 COMPILER V9.59.0.0   DIGI                                                              04/21/2019 12:32:46 PAGE 1   


C51 COMPILER V9.59.0.0, COMPILATION OF MODULE DIGI
OBJECT MODULE PLACED IN .\Objects\digi.obj
COMPILER INVOKED BY: C:\Keil_v5\C51\BIN\C51.EXE digi.c OPTIMIZE(8,SPEED) BROWSE DEBUG OBJECTEXTEND PRINT(.\Listings\digi
                    -.lst) TABS(2) OBJECT(.\Objects\digi.obj)

line level    source

   1          //主机代码(主函数)
   2          
   3          #include <reg52.h>
   4          #include "UART.h"
   5          #include "display.h"
   6          
   7          sbit LSA=P2^2;
   8          sbit LSB=P2^3;
   9          sbit LSC=P2^4;
  10          sbit PWM=P1^0; //控制直流电机
  11          
  12          extern count;
  13          void main()
  14          {
  15   1        LSA=0;LSB=0;LSC=0;
  16   1        P0=list[0];
  17   1        Uart_init();
  18   1        while(1)
  19   1        {
  20   2          if(count%2==0) PWM=0;
  21   2          else PWM=1;
  22   2        }
  23   1      }
  24          


MODULE INFORMATION:   STATIC OVERLAYABLE
   CODE SIZE        =     35    ----
   CONSTANT SIZE    =   ----    ----
   XDATA SIZE       =   ----    ----
   PDATA SIZE       =   ----    ----
   DATA SIZE        =   ----    ----
   IDATA SIZE       =   ----    ----
   BIT SIZE         =   ----    ----
END OF MODULE INFORMATION.


C51 COMPILATION COMPLETE.  0 WARNING(S),  0 ERROR(S)
