C51 COMPILER V9.59.0.0   ____                                                              01/12/2019 11:56:27 PAGE 1   


C51 COMPILER V9.59.0.0, COMPILATION OF MODULE ____
OBJECT MODULE PLACED IN .\Objects\模板.obj
COMPILER INVOKED BY: C:\Keil_v5\C51\BIN\C51.EXE 模板.c OPTIMIZE(8,SPEED) BROWSE DEBUG OBJECTEXTEND PRINT(.\Listings\模板
                    -.lst) TABS(2) OBJECT(.\Objects\模板.obj)

line level    source

   1          #include <reg52.h>
   2          typedef unsigned int u16;
   3          typedef unsigned char u8;
   4          sbit led1=P2^0;
   5          sbit key1=P3^1;
   6          void delay(u16 i)
   7          {
   8   1        while(i--);
   9   1      }
  10          void keypress()
  11          {
  12   1        if(key1==0)    //判断P3^1是否与地连接，即按键是否按下
  13   1        {
  14   2          delay(1000);  //延时1ms，按下防抖
  15   2          if(key1==0)   //再次判断是否与地连接
  16   2          {
  17   3            led1=~led1;  //P2^0口1、0反转，
  18   3          }
  19   2          while(!key1);   //如果为0，循环，直至为1（松开防抖）
  20   2        }
  21   1      }
  22          void main()
  23          {
  24   1        keypress();
  25   1      }
  26          
  27          
  28          
  29          


MODULE INFORMATION:   STATIC OVERLAYABLE
   CODE SIZE        =     33    ----
   CONSTANT SIZE    =   ----    ----
   XDATA SIZE       =   ----    ----
   PDATA SIZE       =   ----    ----
   DATA SIZE        =   ----    ----
   IDATA SIZE       =   ----    ----
   BIT SIZE         =   ----    ----
END OF MODULE INFORMATION.


C51 COMPILATION COMPLETE.  0 WARNING(S),  0 ERROR(S)
