C51 COMPILER V9.59.0.0   MAIN                                                              05/03/2019 11:17:13 PAGE 1   


C51 COMPILER V9.59.0.0, COMPILATION OF MODULE MAIN
OBJECT MODULE PLACED IN main.OBJ
COMPILER INVOKED BY: C:\Keil_v5\C51\BIN\C51.EXE main.c OPTIMIZE(8,SPEED) BROWSE DEBUG OBJECTEXTEND TABS(2)

line level    source

   1          /**************************************************************************************
   2          *                 电位器AD实验                          *
   3          实现现象：下载程序后数码管后4位显示电位器检测的AD值，范围是0-4095(2的十二次方，十二位分辨率)，
   4                    一般达不到最大，这个受你供电电压的影响.
   5          注意事项：如果不想让点阵模块显示，可以将74HC595模块上的JP595短接片拔掉。                                          
   6          ***************************************************************************************/
   7          
   8          #include "reg52.h"       //此文件中定义了单片机的一些特殊功能寄存器
   9          #include"XPT2046.h" 
  10          
  11          typedef unsigned int u16;   //对数据类型进行声明定义
  12          typedef unsigned char u8;
  13          
  14          sbit LSA=P2^2;
  15          sbit LSB=P2^3;
  16          sbit LSC=P2^4;
  17          
  18          u8 disp[4];
  19          u8 code smgduan[10]={0x3f,0x06,0x5b,0x4f,0x66,0x6d,0x7d,0x07,0x7f,0x6f};
  20          
  21          /*******************************************************************************
  22          * 函 数 名         : delay
  23          * 函数功能       : 延时函数，i=1时，大约延时10us
  24          *******************************************************************************/
  25          void delay(u16 i)
  26          {
  27   1        while(i--); 
  28   1      }
  29          
  30          /*******************************************************************************
  31          * 函数名         :datapros()
  32          * 函数功能     :数据处理函数
  33          * 输入           : 无
  34          * 输出           : 无
  35          *******************************************************************************/
  36          void datapros()
  37          {
  38   1        u16 temp,voltage;
  39   1        static u8 i;
  40   1        if(i==50)
  41   1        {
  42   2          i=0;
  43   2          temp = Read_AD_Data(0x94);    //   AIN0 电位器，temp为AD值，没有加工过
  44   2        }
  45   1        voltage=5*temp/(2^12);  //转化为电压值
  46   1        i++;
  47   1        disp[0]=smgduan[voltage/1000];//千位
  48   1        disp[1]=smgduan[voltage%1000/100];//百位
  49   1        disp[2]=smgduan[voltage%1000%100/10];//十位
  50   1        disp[3]=smgduan[voltage%1000%100%10];   
  51   1      }
  52          
  53          
  54          /*******************************************************************************
  55          * 函数名         :DigDisplay()
C51 COMPILER V9.59.0.0   MAIN                                                              05/03/2019 11:17:13 PAGE 2   

  56          * 函数功能     :数码管显示函数
  57          * 输入           : 无
  58          * 输出           : 无
  59          *******************************************************************************/
  60          void DigDisplay()
  61          {
  62   1        u8 i;
  63   1        for(i=0;i<4;i++)
  64   1        {
  65   2          switch(i)  //位选，选择点亮的数码管，
  66   2          {
  67   3            case(0):
  68   3              LSA=0;LSB=0;LSC=0; break;//显示第0位
  69   3            case(1):
  70   3              LSA=1;LSB=0;LSC=0; break;//显示第1位
  71   3            case(2):
  72   3              LSA=0;LSB=1;LSC=0; break;//显示第2位
  73   3            case(3):
  74   3              LSA=1;LSB=1;LSC=0; break;//显示第3位  
  75   3          }
  76   2          P0=disp[3-i];//发送数据
  77   2          delay(100); //间隔一段时间扫描  
  78   2          P0=0x00;//消隐
  79   2        }   
  80   1      }
  81          
  82          /*******************************************************************************
  83          * 函 数 名       : main
  84          * 函数功能     : 主函数
  85          * 输    入       : 无
  86          * 输    出       : 无
  87          *******************************************************************************/
  88          void main()
  89          { 
  90   1        while(1)
  91   1        {
  92   2          datapros();  //数据处理函数
  93   2          DigDisplay();//数码管显示函数   
  94   2        }   
  95   1      }
  96          


MODULE INFORMATION:   STATIC OVERLAYABLE
   CODE SIZE        =    292    ----
   CONSTANT SIZE    =     10    ----
   XDATA SIZE       =   ----    ----
   PDATA SIZE       =   ----    ----
   DATA SIZE        =      5       2
   IDATA SIZE       =   ----    ----
   BIT SIZE         =   ----    ----
END OF MODULE INFORMATION.


C51 COMPILATION COMPLETE.  0 WARNING(S),  0 ERROR(S)
