C51 COMPILER V9.59.0.0   LED                                                               03/09/2019 15:26:03 PAGE 1   


C51 COMPILER V9.59.0.0, COMPILATION OF MODULE LED
OBJECT MODULE PLACED IN .\Objects\LED.obj
COMPILER INVOKED BY: C:\Keil_v5\C51\BIN\C51.EXE LED.c OPTIMIZE(8,SPEED) BROWSE DEBUG OBJECTEXTEND PRINT(.\Listings\LED.l
                    -st) TABS(2) OBJECT(.\Objects\LED.obj)

line level    source

   1          #include <reg52.h>
   2          typedef unsigned int u16;
   3          typedef unsigned char u8;
   4          
   5          sbit LSA=P2^2;
   6          sbit LSB=P2^3;
   7          sbit LSC=P2^4;
   8          
   9          u8 code list[]={0x3f,0x06,0x5b,0x4f,0x66,0x6d,0x7d,0x07,0x7f,
  10                                     0x6f,0x77,0x7c,0x39,0x5e,0x79,0x71};
  11          
  12          void IntT0()
  13          {
  14   1        EA=1;       //打开中断总允许位
  15   1        ET0=1;      //打开定时计数器中断允许位
  16   1        TMOD|=0x01;  //设置工作方式(GATE,C/T,M1M0)
  17   1        TR0=1;      //置1，允许T0运行
  18   1        TH0=0xfc;   //设置初值
  19   1        TL0=0x18;
  20   1      }
  21          
  22          u16 i=0;
  23          void main()
  24          {  
  25   1         u16 j=0;
  26   1         LSA=0;    //位选，让LED1端为0
  27   1         LSB=0;
  28   1         LSC=0;
  29   1         IntT0(); 
  30   1        while(1)
  31   1        {
  32   2           if(j==16) j=0;
  33   2             if(i==1000)
  34   2           {
  35   3              P0=list[j++];
  36   3              i=0;
  37   3           }
  38   2         }
  39   1      }
  40          void t0() interrupt 1
  41          {
  42   1        TH0=0xfc;   // 回到初值，重新计时
  43   1        TL0=0x18;
  44   1        i++;
  45   1      }


MODULE INFORMATION:   STATIC OVERLAYABLE
   CODE SIZE        =     93    ----
   CONSTANT SIZE    =     16    ----
   XDATA SIZE       =   ----    ----
   PDATA SIZE       =   ----    ----
   DATA SIZE        =      2    ----
   IDATA SIZE       =   ----    ----
C51 COMPILER V9.59.0.0   LED                                                               03/09/2019 15:26:03 PAGE 2   

   BIT SIZE         =   ----    ----
END OF MODULE INFORMATION.


C51 COMPILATION COMPLETE.  0 WARNING(S),  0 ERROR(S)
