C51 COMPILER V9.59.0.0   ____                                                              03/16/2019 22:37:41 PAGE 1   


C51 COMPILER V9.59.0.0, COMPILATION OF MODULE ____
OBJECT MODULE PLACED IN .\Objects\模板.obj
COMPILER INVOKED BY: C:\Keil_v5\C51\BIN\C51.EXE 模板.c OPTIMIZE(8,SPEED) BROWSE DEBUG OBJECTEXTEND PRINT(.\Listings\模板
                    -.lst) TABS(2) OBJECT(.\Objects\模板.obj)

line level    source

   1          #include <reg52.h>
   2          typedef unsigned int u16;
   3          typedef unsigned char u8;
   4          
   5          u8 flag,a[4],i=0,j=0;
   6          u8 table[]="Give me ";
   7          void UsartInt()//串口初始化函数
   8          {
   9   1        TMOD=0x20;//定时器1
  10   1        TH1=0xF3;
  11   1        TL1=0xF3;
  12   1        PCON=0x80;//SMOD波特率倍增位
  13   1        TR1=1;  //定时器1运行
  14   1        SCON=0x50; // 0101 0000
  15   1        ES=1;
  16   1        EA=1;
  17   1      }
  18          
  19          void main()
  20          {
  21   1        UsartInt();
  22   1        while(1)
  23   1        {
  24   2          if(flag==1)
  25   2          {
  26   3            ES=0;//关闭串口中断
  27   3            for(i=0;i<8;i++)
  28   3            {
  29   4              SBUF=table[i];//发送缓冲器
  30   4              while(!TI);//检测发送是否完成
  31   4              TI=0;
  32   4            }
  33   3            for(i=0;i<4;i++)
  34   3            {
  35   4              SBUF=a[i];//发送缓冲器
  36   4              while(!TI);//检测发送是否完成
  37   4              TI=0;
  38   4            }
  39   3            while(!TI);
  40   3            TI=0;
  41   3            ES=1;
  42   3            flag=0;
  43   3          }
  44   2        }
  45   1      }
  46          
  47          void Usart() interrupt 4  //4指串行中断序号
  48          {
  49   1        RI=0;
  50   1        a[j++]=SBUF;
  51   1        if(j==4) 
  52   1        {
  53   2          j=0;
  54   2          flag=1;
C51 COMPILER V9.59.0.0   ____                                                              03/16/2019 22:37:41 PAGE 2   

  55   2        }
  56   1      }


MODULE INFORMATION:   STATIC OVERLAYABLE
   CODE SIZE        =    149    ----
   CONSTANT SIZE    =   ----    ----
   XDATA SIZE       =   ----    ----
   PDATA SIZE       =   ----    ----
   DATA SIZE        =     16    ----
   IDATA SIZE       =   ----    ----
   BIT SIZE         =   ----    ----
END OF MODULE INFORMATION.


C51 COMPILATION COMPLETE.  0 WARNING(S),  0 ERROR(S)
