C51 COMPILER V9.54   ____                                                                  10/25/2019 20:19:25 PAGE 1   


C51 COMPILER V9.54, COMPILATION OF MODULE ____
OBJECT MODULE PLACED IN .\Objects\模板.obj
COMPILER INVOKED BY: D:\Keil_v5MDK\C51\BIN\C51.EXE 模板.c ROM(SMALL) OPTIMIZE(8,SPEED) BROWSE DEBUG OBJECTEXTEND PRINT(.
                    -\Listings\模板.lst) TABS(2) OBJECT(.\Objects\模板.obj)

line level    source

   1          #include <reg51.h>
   2          
   3          void main()
   4          {
   5   1      }


MODULE INFORMATION:   STATIC OVERLAYABLE
   CODE SIZE        =      1    ----
   CONSTANT SIZE    =   ----    ----
   XDATA SIZE       =   ----    ----
   PDATA SIZE       =   ----    ----
   DATA SIZE        =   ----    ----
   IDATA SIZE       =   ----    ----
   BIT SIZE         =   ----    ----
END OF MODULE INFORMATION.


C51 COMPILATION COMPLETE.  0 WARNING(S),  0 ERROR(S)
