C51 COMPILER V9.54   ____                                                                  10/21/2019 19:24:44 PAGE 1   


C51 COMPILER V9.54, COMPILATION OF MODULE ____
OBJECT MODULE PLACED IN .\Objects\模板.obj
COMPILER INVOKED BY: D:\Keil_v5MDK\C51\BIN\C51.EXE 模板.c ROM(SMALL) OPTIMIZE(8,SPEED) BROWSE DEBUG OBJECTEXTEND PRINT(.
                    -\Listings\模板.lst) TABS(2) OBJECT(.\Objects\模板.obj)

line level    source

   1          #include <reg52.h>
   2          typedef unsigned int uint;
   3          
   4          sbit LSA=P2^2;
   5          sbit LSB=P2^3;
   6          sbit LSC=P2^4;
   7          
   8          char code list[]={0x3f,0x06,0x5b,0x4f,0x66,0x6d,0x7d,0x07,0x7f,
   9                            0x6f,0x77,0x7c,0x39,0x5e,0x79,0x71};
  10          
  11          void delay(uint i);   
  12          int keypress();
  13          
  14          void main()
  15          {
  16   1        LSA=0;LSB=0;LSC=0;  //选中第1个数码
  17   1        while(1)
  18   1        {
  19   2          keypress();
  20   2          P0=list[keypress()];
  21   2        }
  22   1      }
  23          
  24          void delay(uint i)   
  25          {
  26   1         while(i--);
  27   1      }
  28          
  29          int keypress()   //返回显示的数字
  30          {
  31   1        int digit=0;
  32   1        P1=0x0f;         
  33   1        if(P1!=0x0f)
  34   1        {
  35   2          delay(1000);
  36   2          if(P1!=0x0f)
  37   2          {
  38   3            switch(P1)
  39   3            {
  40   4              case(0x07):digit=1;break;
  41   4              case(0x0b):digit=2;break;
  42   4              case(0x0d):digit=3;break;
  43   4              case(0x0e):digit=4;break;
  44   4            }
  45   3          }
  46   2        }
  47   1        P1=0xf0;         
  48   1        if(P1!=0xf0)
  49   1        {
  50   2            switch(P1)
  51   2            {
  52   3              case(0x70):digit=digit;break;
  53   3              case(0xb0):digit=digit+4;break;
  54   3              case(0xd0):digit=digit+8;break;
C51 COMPILER V9.54   ____                                                                  10/21/2019 19:24:44 PAGE 2   

  55   3              case(0xe0):digit=digit+12;break;
  56   3            }
  57   2        }
  58   1         delay(1000);
  59   1         return digit;
  60   1      }


MODULE INFORMATION:   STATIC OVERLAYABLE
   CODE SIZE        =    155    ----
   CONSTANT SIZE    =     16    ----
   XDATA SIZE       =   ----    ----
   PDATA SIZE       =   ----    ----
   DATA SIZE        =   ----    ----
   IDATA SIZE       =   ----    ----
   BIT SIZE         =   ----    ----
END OF MODULE INFORMATION.


C51 COMPILATION COMPLETE.  0 WARNING(S),  0 ERROR(S)
