C51 COMPILER V9.52.0.0   ADC                                                               04/17/2018 14:00:33 PAGE 1   


C51 COMPILER V9.52.0.0, COMPILATION OF MODULE ADC
OBJECT MODULE PLACED IN ADC.OBJ
COMPILER INVOKED BY: C:\Keil\C51\BIN\C51.EXE ADC.c BROWSE DEBUG OBJECTEXTEND

line level    source

   1          #include "STC15Fxxxx.h"
   2          #include "stdint.h"
   3          
   4          
   5          #define ADC_POWER 0x80     //ADC电源控制位
   6          #define ADC_FLAG 0x10      //ADC完成标志
   7          #define ADC_START 0x08     //ADC启动
   8          
   9          
  10          #define ADC_SPEEDLL 0x00   //540个时钟
  11          #define ADC_SPEEDL 0x20    //360个时钟
  12          #define ADC_SPEEDH 0x40    //180个时钟
  13          #define ADC_SPEEDHH 0x60   // 90个时钟
  14          
  15          uint8_t ChannelSel;
  16          uint8_t AD_Result[8];
  17          
  18          void ADC_Init(void)
  19          {
  20   1              P1ASF = 0xff;             //设置P1口为ADC输入
  21   1              ADC_RES = 0;                    //清除结果寄存器
  22   1              ChannelSel=0;
  23   1              ADC_CONTR = ADC_POWER | ADC_SPEEDLL | ADC_START | ChannelSel;
  24   1      }
  25          
  26          /*----------------------------
  27          ADC??????
  28          ----------------------------*/
  29          void ADC_ISR() interrupt 5 using 1
  30          {
  31   1              ADC_CONTR &= ~ADC_FLAG;     
  32   1              AD_Result[ChannelSel]=ADC_RES;
  33   1              ChannelSel=(ChannelSel+1)&0x07;
  34   1              ADC_CONTR = ADC_POWER | ADC_SPEEDLL | ADC_START | ChannelSel;
  35   1      }
  36          
  37          uint8_t ADC_Read(uint8_t Ch)
  38          {
  39   1              return AD_Result[Ch];
  40   1      }


MODULE INFORMATION:   STATIC OVERLAYABLE
   CODE SIZE        =     55    ----
   CONSTANT SIZE    =   ----    ----
   XDATA SIZE       =   ----    ----
   PDATA SIZE       =   ----    ----
   DATA SIZE        =      9    ----
   IDATA SIZE       =   ----    ----
   BIT SIZE         =   ----    ----
END OF MODULE INFORMATION.


C51 COMPILATION COMPLETE.  0 WARNING(S),  0 ERROR(S)
