C51 COMPILER V9.59.0.0   KEY                                                               05/20/2019 21:08:43 PAGE 1   


C51 COMPILER V9.59.0.0, COMPILATION OF MODULE KEY
OBJECT MODULE PLACED IN Key.OBJ
COMPILER INVOKED BY: C:\Keil_v5\C51\BIN\C51.EXE Key.c OPTIMIZE(8,SPEED) BROWSE DEBUG OBJECTEXTEND TABS(2)

line level    source

   1          #include <REG51.H>
   2          #include "stdint.h"
   3          
   4          uint8_t SavedKey;
   5          
   6          bit KeyPress;
   7          bit KeyEvent;
   8          bit KeyNotice;
   9          
  10          #define KEY_PORT P3
  11          #define KEY_MASK 0x0f
  12          
  13          
  14          void Key_Init(void)
  15          {
  16   1        KeyPress=0;
  17   1        KeyEvent=0;
  18   1        KeyNotice=0;  
  19   1      }
  20          
  21          void Key_Scan(void)
  22          {
  23   1        uint8_t TempValue;
  24   1        TempValue= (~KEY_PORT) & KEY_MASK;  
  25   1        if(TempValue == 0x00)     //No Key Pressed
  26   1          {
  27   2              if(KeyPress==1)       //
  28   2          {
  29   3            KeyEvent=1;
  30   3          }
  31   2          else
  32   2          {
  33   3            KeyEvent=0;
  34   3          }
  35   2          KeyPress=0;
  36   2          
  37   2          }
  38   1          else                      //Detect Key Pressed       
  39   1          {
  40   2              if(KeyPress==0)       //is first detect
  41   2          {
  42   3            KeyEvent=1;
  43   3          }
  44   2          else
  45   2          {
  46   3            KeyEvent=0;
  47   3          }
  48   2          KeyPress=1;
  49   2          }
  50   1        
  51   1        if(KeyEvent==1)
  52   1        {
  53   2          KeyEvent=0;
  54   2          if(KeyPress==1)
  55   2          {
C51 COMPILER V9.59.0.0   KEY                                                               05/20/2019 21:08:43 PAGE 2   

  56   3            SavedKey=TempValue;
  57   3          }
  58   2          else
  59   2          {
  60   3            KeyNotice=1;
  61   3          }
  62   2        }
  63   1      }
  64          
  65          unsigned char Key_Read(void)
  66          {
  67   1        if(KeyNotice)
  68   1        {
  69   2          KeyNotice=0;
  70   2          return SavedKey;
  71   2        }
  72   1        else
  73   1        {
  74   2          return 0;
  75   2        }
  76   1      }


MODULE INFORMATION:   STATIC OVERLAYABLE
   CODE SIZE        =     64    ----
   CONSTANT SIZE    =   ----    ----
   XDATA SIZE       =   ----    ----
   PDATA SIZE       =   ----    ----
   DATA SIZE        =      1    ----
   IDATA SIZE       =   ----    ----
   BIT SIZE         =      3    ----
END OF MODULE INFORMATION.


C51 COMPILATION COMPLETE.  0 WARNING(S),  0 ERROR(S)
