C51 COMPILER V9.52.0.0   LEDFLASH                                                          04/13/2018 10:58:16 PAGE 1   


C51 COMPILER V9.52.0.0, COMPILATION OF MODULE LEDFLASH
OBJECT MODULE PLACED IN LedFlash.OBJ
COMPILER INVOKED BY: C:\Keil\C51\BIN\C51.EXE LedFlash.c BROWSE DEBUG OBJECTEXTEND

line level    source

   1          #include <REG51.H>
   2          #include <intrins.h>
   3                          //            7    6    5    4    3    2    1    0     Reset Value
   4          sfr P5 = 0xC8;  //6 bit Port5 P5.7 P5.6 P5.5 P5.4 P5.3 P5.2 P5.1 P5.0  xxx1,1111
   5          sfr P5M0 = 0xCA;                                                    // 0000,0000
   6          sfr P5M1 = 0xC9;                                                    // 0000,0000
   7          sfr P4 = 0xC0;  //8 bit Port4 P4.7 P4.6 P4.5 P4.4 P4.3 P4.2 P4.1 P4.0  1111,1111
   8          sfr P4M0 = 0xB4;                                                    // 0000,0000
   9          sfr P4M1 = 0xB3;                                                    // 0000,0000
  10          sbit P40 = P4^0;
  11          sbit P41 = P4^1;
  12          sbit P42 = P4^2;
  13          sbit P43 = P4^3;
  14          sbit P44 = P4^4;
  15          sbit P45 = P4^5;
  16          sbit P46 = P4^6;
  17          sbit P47 = P4^7;
  18          sbit P50 = P5^0;
  19          sbit P51 = P5^1;
  20          sbit P52 = P5^2;
  21          sbit P53 = P5^3;
  22          sbit P54 = P5^4;
  23          sbit P55 = P5^5;
  24          
  25          void delay(void);
  26          void main(void)
  27          {
  28   1              while(1)
  29   1              {
  30   2                      P55 = 0;
  31   2                      delay();
  32   2                      delay();
  33   2                      P55 = 1;
  34   2                      delay();
  35   2                      delay();
  36   2              }
  37   1      }
  38          void delay(void)
  39          {
  40   1              unsigned int i = 0;
  41   1              for(i=60000;i>0;i--)
  42   1              {
  43   2                      _nop_();_nop_();_nop_();_nop_();_nop_();_nop_();_nop_();_nop_();_nop_();_nop_();
  44   2                      _nop_();_nop_();_nop_();_nop_();_nop_();_nop_();_nop_();_nop_();_nop_();_nop_();
  45   2                      _nop_();_nop_();_nop_();_nop_();_nop_();_nop_();_nop_();_nop_();_nop_();_nop_();
  46   2                      _nop_();_nop_();_nop_();_nop_();_nop_();_nop_();_nop_();_nop_();_nop_();_nop_();
  47   2              }
  48   1      }


MODULE INFORMATION:   STATIC OVERLAYABLE
   CODE SIZE        =     72    ----
   CONSTANT SIZE    =   ----    ----
   XDATA SIZE       =   ----    ----
   PDATA SIZE       =   ----    ----
C51 COMPILER V9.52.0.0   LEDFLASH                                                          04/13/2018 10:58:16 PAGE 2   

   DATA SIZE        =   ----    ----
   IDATA SIZE       =   ----    ----
   BIT SIZE         =   ----    ----
END OF MODULE INFORMATION.


C51 COMPILATION COMPLETE.  0 WARNING(S),  0 ERROR(S)
