C51 COMPILER V9.52.0.0   LEDSHIFT                                                          04/13/2018 20:47:50 PAGE 1   


C51 COMPILER V9.52.0.0, COMPILATION OF MODULE LEDSHIFT
OBJECT MODULE PLACED IN LedShift.OBJ
COMPILER INVOKED BY: C:\Keil\C51\BIN\C51.EXE LedShift.c BROWSE DEBUG OBJECTEXTEND

line level    source

   1          #include "stdint.h"
   2          #include "ledshift.h"
   3          
   4          static uint8_t LedBit=0;
   5          static uint8_t ShiftDir=LED_SHIFT_DIR_UP;
   6          void LedShift(void)
   7          {
   8   1              if(ShiftDir)
   9   1                      LedBit--;
  10   1              else
  11   1                      LedBit++;
  12   1              LedBit&=7;
  13   1              //LedBit=(LedBit+1)&0x07;
  14   1      }
  15          
  16          uint8_t GetLedBit(void)
  17          {
  18   1              return LedBit;
  19   1      }
  20          
  21          void SetShiftDir(uint8_t Dir)
  22          {
  23   1              ShiftDir=Dir;
  24   1      }
  25          
  26          


MODULE INFORMATION:   STATIC OVERLAYABLE
   CODE SIZE        =     20    ----
   CONSTANT SIZE    =   ----    ----
   XDATA SIZE       =   ----    ----
   PDATA SIZE       =   ----    ----
   DATA SIZE        =      2    ----
   IDATA SIZE       =   ----    ----
   BIT SIZE         =   ----    ----
END OF MODULE INFORMATION.


C51 COMPILATION COMPLETE.  0 WARNING(S),  0 ERROR(S)
