C51 COMPILER V9.59.0.0   TICK                                                              05/20/2019 21:08:43 PAGE 1   


C51 COMPILER V9.59.0.0, COMPILATION OF MODULE TICK
OBJECT MODULE PLACED IN Tick.OBJ
COMPILER INVOKED BY: C:\Keil_v5\C51\BIN\C51.EXE Tick.c OPTIMIZE(8,SPEED) BROWSE DEBUG OBJECTEXTEND TABS(2)

line level    source

   1          #include "STC15Fxxxx.h"
   2          #include "stdint.h"
   3          #include "ledshift.h"
   4          #include "task.h"
   5          
   6          #define T5MS (65536-MAIN_Fosc*5/1000/12)     //12T模式，5ms定时
   7          
   8          
   9          void Tick_Init(void)
  10          {
  11   1        TMOD &= 0x0F;        //方式0
  12   1        TL1 = (uint8_t)T5MS;        //??????
  13   1        TH1 = (uint8_t)(T5MS>>8);
  14   1        TR1 = 1; //???0????
  15   1        ET1 = 1; //?????0??
  16   1      }
  17          
  18          uint8_t Count=0;
  19          
  20          void tm1_isr() interrupt 3 using 1
  21          {
  22   1        PeriodTask5ms();
  23   1        if(Count++>=200)
  24   1        {
  25   2          Count=0;
  26   2          PeriodTask1s();
  27   2        }
  28   1      }
  29          


MODULE INFORMATION:   STATIC OVERLAYABLE
   CODE SIZE        =     61    ----
   CONSTANT SIZE    =   ----    ----
   XDATA SIZE       =   ----    ----
   PDATA SIZE       =   ----    ----
   DATA SIZE        =      1    ----
   IDATA SIZE       =   ----    ----
   BIT SIZE         =   ----    ----
END OF MODULE INFORMATION.


C51 COMPILATION COMPLETE.  0 WARNING(S),  0 ERROR(S)
