C51 COMPILER V9.59.0.0   STC                                                               05/04/2019 15:26:10 PAGE 1   


C51 COMPILER V9.59.0.0, COMPILATION OF MODULE STC
OBJECT MODULE PLACED IN .\Objects\stc.obj
COMPILER INVOKED BY: C:\Keil_v5\C51\BIN\C51.EXE stc.c OPTIMIZE(8,SPEED) BROWSE DEBUG OBJECTEXTEND PRINT(.\Listings\stc.l
                    -st) TABS(2) OBJECT(.\Objects\stc.obj)

line level    source

   1          #include <STC15F2K60S2.h>
   2          typedef unsigned int uint;
   3          typedef unsigned char uchar;
   4          sbit LED0 = P5^5;
   5          
   6          uint count=0;
   7          void Timer0Init(void)   //1毫秒@11.0592MHz
   8          {
   9   1        AUXR |= 0x80;   //定时器时钟1T模式
  10   1        TMOD &= 0xF0;   //设置定时器模式
  11   1        TL0 = 0xCD;   //设置定时初值
  12   1        TH0 = 0xD4;   //设置定时初值
  13   1        TF0 = 0;    //清除TF0标志
  14   1        ET0 = 1;    //打开定时计数器T0，注意与打开定时器0(TR0)的区别
  15   1        TR0 = 1;    //定时器0开始计时
  16   1      }
  17          
  18          void main()
  19          {
  20   1        P30=0;
  21   1        P33=0;
  22   1        P36=0;
  23   1        P37=0;
  24   1        P20=0;
  25   1        P23=0;
  26   1        P25=0;
  27   1        P26=0;
  28   1        Timer0Init();
  29   1        EA = 1;         //打开总中断
  30   1        while(1)
  31   1        {
  32   2          if(count>=1000)
  33   2          {
  34   3            count=0;
  35   3            LED0=~LED0;
  36   3          }
  37   2        }
  38   1      }
  39          void Timer0_Routine(void) interrupt 1
  40          {
  41   1        count++;
  42   1      }


MODULE INFORMATION:   STATIC OVERLAYABLE
   CODE SIZE        =     73    ----
   CONSTANT SIZE    =   ----    ----
   XDATA SIZE       =   ----    ----
   PDATA SIZE       =   ----    ----
   DATA SIZE        =      2    ----
   IDATA SIZE       =   ----    ----
   BIT SIZE         =   ----    ----
END OF MODULE INFORMATION.


C51 COMPILATION COMPLETE.  0 WARNING(S),  0 ERROR(S)
