C51 COMPILER V9.59.0.0   ____                                                              05/20/2019 20:48:45 PAGE 1   


C51 COMPILER V9.59.0.0, COMPILATION OF MODULE ____
OBJECT MODULE PLACED IN .\Objects\模板.obj
COMPILER INVOKED BY: C:\Keil_v5\C51\BIN\C51.EXE 模板.c OPTIMIZE(8,SPEED) BROWSE DEBUG OBJECTEXTEND PRINT(.\Listings\模板
                    -.lst) TABS(2) OBJECT(.\Objects\模板.obj)

line level    source

   1          /*********************
   2          波特率4800，51单片机
   3          *********************/
   4          #include "reg52.h"
   5          #include <UART.h>
   6          #define MAX 32
   7          typedef unsigned int u16;
   8          typedef unsigned char u8;
   9          
  10          void main()
  11          {
  12   1        u8 i,temp;   
  13   1        u8 ReadBuf[MAX];
  14   1        u8 Read_Length;
  15   1        EA=0;
  16   1        UART_Init();
  17   1        EA=1;
  18   1        while(1)
  19   1        {
  20   2          Read_Length=UART_Read(ReadBuf);   //把接收到的数据放到ReadBuf数组里并把数据个数给Read_Length
  21   2          for(i=0;i<Read_Length/2;i++)     //数组元素反转
  22   2          { 
  23   3            temp=ReadBuf[i];
  24   3            ReadBuf[i]=ReadBuf[Read_Length-i-1];
  25   3            ReadBuf[Read_Length-i-1]=temp;
  26   3          }
  27   2          UART_Write(ReadBuf,Read_Length);
  28   2        }
  29   1      }


MODULE INFORMATION:   STATIC OVERLAYABLE
   CODE SIZE        =     77    ----
   CONSTANT SIZE    =   ----    ----
   XDATA SIZE       =   ----    ----
   PDATA SIZE       =   ----    ----
   DATA SIZE        =   ----      33
   IDATA SIZE       =   ----    ----
   BIT SIZE         =   ----    ----
END OF MODULE INFORMATION.


C51 COMPILATION COMPLETE.  0 WARNING(S),  0 ERROR(S)
