C51 COMPILER V9.59.0.0   LED                                                               03/21/2019 21:21:13 PAGE 1   


C51 COMPILER V9.59.0.0, COMPILATION OF MODULE LED
OBJECT MODULE PLACED IN .\Objects\LED.obj
COMPILER INVOKED BY: C:\Keil_v5\C51\BIN\C51.EXE LED.c OPTIMIZE(8,SPEED) BROWSE DEBUG OBJECTEXTEND PRINT(.\Listings\LED.l
                    -st) TABS(2) OBJECT(.\Objects\LED.obj)

line level    source

   1          #include <reg52.h>
   2          typedef unsigned int u16;
   3          typedef unsigned char u8;
   4          
   5          sbit LSA=P2^2;
   6          sbit LSB=P2^3;
   7          sbit LSC=P2^4;
   8          
   9          u8 code list[]={0x3f,0x06,0x5b,0x4f,0x66,0x6d,0x7d,0x07,0x7f,0x6f};
  10          
  11          void IntT0()
  12          {
  13   1        EA=1;       //打开中断总允许位
  14   1        ET0=1;      //打开定时计数器中断允许位
  15   1        TMOD|=0x01;  //设置工作方式(GATE,C/T,M1M0)
  16   1        TR0=1;      //置1，允许T0运行
  17   1        TH0=0xfc;   //设置初值
  18   1        TL0=0x18;
  19   1      }
  20          
  21          /*void IntT1()
  22          {
  23            EA=1;
  24            ET1=1;
  25            PT1=1;
  26            TMOD=0x10;
  27            TR1=1;
  28            TH1=0xd8;
  29            TL1=0xf0;
  30          }*/
  31          
  32          void delay(u16 i)
  33          {
  34   1        while(i--);
  35   1      }
  36          u16 i=0,j=0;
  37          
  38          void display(u16 a, u16 b)
  39          {
  40   1        while(1)
  41   1        {
  42   2          LSA=0;LSB=0;LSC=0;
  43   2          P0=list[a];
  44   2          delay(200);
  45   2          P0=0x00; 
  46   2          LSA=1;LSB=0;LSC=0;
  47   2          P0=list[b];
  48   2          delay(200);
  49   2          P0=0x00;
  50   2          if(i!=1000) break;
  51   2        }
  52   1      }
  53          void main()
  54          { 
C51 COMPILER V9.59.0.0   LED                                                               03/21/2019 21:21:13 PAGE 2   

  55   1        u16 a=0,b=0;
  56   1        IntT0();
  57   1        //IntT1();
  58   1        while(1)
  59   1        {
  60   2          if(i==1000)
  61   2          {
  62   3            if(a==10) a=0;
  63   3            a++;
  64   3            b++;
  65   3            i=0;
  66   3            display(a,b/10);
  67   3          } 
  68   2        }
  69   1      }
  70          
  71          void t0() interrupt 1
  72          {
  73   1        TH0=0xfc;   
  74   1        TL0=0x18;
  75   1        i++;
  76   1      }
  77          /*void t1() interrupt 3
  78          {
  79            TH1=0xd8;
  80            TL1=0xf0;
  81            j++;
  82          }*/


MODULE INFORMATION:   STATIC OVERLAYABLE
   CODE SIZE        =    197    ----
   CONSTANT SIZE    =     10    ----
   XDATA SIZE       =   ----    ----
   PDATA SIZE       =   ----    ----
   DATA SIZE        =      4       6
   IDATA SIZE       =   ----    ----
   BIT SIZE         =   ----    ----
END OF MODULE INFORMATION.


C51 COMPILATION COMPLETE.  0 WARNING(S),  0 ERROR(S)
