C51 COMPILER V9.59.0.0   MAIN                                                              05/04/2019 20:18:53 PAGE 1   


C51 COMPILER V9.59.0.0, COMPILATION OF MODULE MAIN
OBJECT MODULE PLACED IN .\Objects\main.obj
COMPILER INVOKED BY: C:\Keil_v5\C51\BIN\C51.EXE main.c OPTIMIZE(8,SPEED) BROWSE DEBUG OBJECTEXTEND PRINT(.\Listings\main
                    -.lst) TABS(2) OBJECT(.\Objects\main.obj)

line level    source

   1          #include <STC15F2K60S2.h>
   2          typedef unsigned int uint;
   3          typedef unsigned char uchar;
   4          uint flag=0;
   5          uchar a;
   6          void UartInit(void)   //9600bps@11.0592MHz
   7          {
   8   1        SCON = 0x50;    //8位数据,可变波特率
   9   1        AUXR |= 0x40;   //定时器1时钟为Fosc,即1T
  10   1        AUXR &= 0xFE;   //串口1选择定时器1为波特率发生器
  11   1        TMOD &= 0x0F;   //设定定时器1为16位自动重装方式
  12   1        TL1 = 0xE0;   //设定定时初值
  13   1        TH1 = 0xFE;   //设定定时初值
  14   1        ET1 = 0;    //禁止定时器1中断
  15   1        TR1 = 1;    //启动定时器1
  16   1      }
  17          
  18          void main()
  19          {
  20   1        UartInit();
  21   1        EA=1;
  22   1        ES=1;
  23   1        while(1)
  24   1        {
  25   2          if(flag==1)
  26   2          {
  27   3            flag=0;
  28   3            ES=0;
  29   3            SBUF=a;
  30   3            while(!TI);
  31   3            TI=0;
  32   3            ES=1;
  33   3          }
  34   2        }
  35   1      }
  36          
  37          void UART_Routine() interrupt 4
  38          {
  39   1        if(RI)
  40   1        {
  41   2          P55=~P55;
  42   2          RI=0;
  43   2          a=SBUF;
  44   2          flag=1;
  45   2        }
  46   1      }


MODULE INFORMATION:   STATIC OVERLAYABLE
   CODE SIZE        =     73    ----
   CONSTANT SIZE    =   ----    ----
   XDATA SIZE       =   ----    ----
   PDATA SIZE       =   ----    ----
   DATA SIZE        =      3    ----
C51 COMPILER V9.59.0.0   MAIN                                                              05/04/2019 20:18:53 PAGE 2   

   IDATA SIZE       =   ----    ----
   BIT SIZE         =   ----    ----
END OF MODULE INFORMATION.


C51 COMPILATION COMPLETE.  0 WARNING(S),  0 ERROR(S)
