C51 COMPILER V9.54   LCD                                                                   10/24/2019 17:42:44 PAGE 1   


C51 COMPILER V9.54, COMPILATION OF MODULE LCD
OBJECT MODULE PLACED IN .\Objects\lcd.obj
COMPILER INVOKED BY: D:\Keil_v5MDK\C51\BIN\C51.EXE lcd.c ROM(SMALL) OPTIMIZE(8,SPEED) BROWSE DEBUG OBJECTEXTEND PRINT(.\
                    -Listings\lcd.lst) TABS(2) OBJECT(.\Objects\lcd.obj)

line level    source

   1          #include "lcd.h"
   2          
   3          /*******************************************************************************
   4          *            : Lcd1602_Delay1ms
   5          *        : ʱʱ1ms
   6          *              : c
   7          *              : 
   8          * ˵             : ú12MHZ£12ƵƬʱ
   9          *******************************************************************************/
  10          
  11          void Lcd1602_Delay1ms(uint c)   // 0us
  12          {
  13   1          uchar a,b;
  14   1        for (; c>0; c--)
  15   1        {
  16   2           for (b=199;b>0;b--)
  17   2           {
  18   3              for(a=1;a>0;a--);
  19   3           }      
  20   2        }
  21   1            
  22   1      }
  23          
  24          /*******************************************************************************
  25          *            : LcdWriteCom
  26          *        : LCDдһֽڵ
  27          *              : com
  28          *              : 
  29          *******************************************************************************/
  30          #ifndef   LCD1602_4PINS  //ûжLCD1602_4PINSʱ
  31          void LcdWriteCom(uchar com)   //д
  32          {
  33   1        LCD1602_E = 0;     //ʹ
  34   1        LCD1602_RS = 0;    //ѡ
  35   1        LCD1602_RW = 0;    //ѡд
  36   1        
  37   1        LCD1602_DATAPINS = com;     //
  38   1        Lcd1602_Delay1ms(1);    //ȴȶ
  39   1      
  40   1        LCD1602_E = 1;            //дʱ
  41   1        Lcd1602_Delay1ms(5);    //ʱ
  42   1        LCD1602_E = 0;
  43   1      }
  44          #else 
              void LcdWriteCom(uchar com)   //д
              {
                LCD1602_E = 0;   //ʹ
                LCD1602_RS = 0;  //ѡд
                LCD1602_RW = 0;  //ѡд
              
                LCD1602_DATAPINS = com; //4λĽǽӵP0ڵĸλԴ͸λø
                Lcd1602_Delay1ms(1);
              
                LCD1602_E = 1;   //дʱ
C51 COMPILER V9.54   LCD                                                                   10/24/2019 17:42:44 PAGE 2   

                Lcd1602_Delay1ms(5);
                LCD1602_E = 0;
              
                LCD1602_DATAPINS = com << 4; //͵λ
                Lcd1602_Delay1ms(1);
              
                LCD1602_E = 1;   //дʱ
                Lcd1602_Delay1ms(5);
                LCD1602_E = 0;
              }
              #endif
  66          /*******************************************************************************
  67          *            : LcdWriteData
  68          *        : LCDдһֽڵ
  69          *              : dat
  70          *              : 
  71          *******************************************************************************/       
  72          #ifndef   LCD1602_4PINS      
  73          void LcdWriteData(uchar dat)      //д
  74          {
  75   1        LCD1602_E = 0;  //ʹ
  76   1        LCD1602_RS = 1; //ѡ
  77   1        LCD1602_RW = 0; //ѡд
  78   1      
  79   1        LCD1602_DATAPINS = dat; //д
  80   1        Lcd1602_Delay1ms(1);
  81   1      
  82   1        LCD1602_E = 1;   //дʱ
  83   1        Lcd1602_Delay1ms(5);   //ʱ
  84   1        LCD1602_E = 0;
  85   1      }
  86          #else
              void LcdWriteData(uchar dat)      //д
              {
                LCD1602_E = 0;    //ʹ
                LCD1602_RS = 1;   //ѡд
                LCD1602_RW = 0;   //ѡд
              
                LCD1602_DATAPINS = dat; //4λĽǽӵP0ڵĸλԴ͸λø
                Lcd1602_Delay1ms(1);
              
                LCD1602_E = 1;    //дʱ
                Lcd1602_Delay1ms(5);
                LCD1602_E = 0;
              
                LCD1602_DATAPINS = dat << 4; //дλ
                Lcd1602_Delay1ms(1);
              
                LCD1602_E = 1;    //дʱ
                Lcd1602_Delay1ms(5);
                LCD1602_E = 0;
              }
              #endif
 108          
 109          /*******************************************************************************
 110          *          : LcdInit()
 111          *      : ʼLCD
 112          *            : 
 113          *            : 
 114          *******************************************************************************/       
 115          #ifndef   LCD1602_4PINS
 116          void LcdInit()              //LCDʼӳ
C51 COMPILER V9.54   LCD                                                                   10/24/2019 17:42:44 PAGE 3   

 117          {
 118   1        LcdWriteCom(0x38);  //ʾ8λߣʾУÿַ5*7С
 119   1        LcdWriteCom(0x0e);  //ʾʾ
 120   1        LcdWriteCom(0x06);  //дһָ1 ʾƶдݺ
 121   1        LcdWriteCom(0x01);  //
 122   1        LcdWriteCom(0x80);  //ָ,ʼʾλ
 123   1      }
 124          #else
              void LcdInit()              //LCDʼӳ
              {
                LcdWriteCom(0x32);   //8λתΪ4λ
                LcdWriteCom(0x28);   //λµĳʼ
                LcdWriteCom(0x0c);  //ʾʾ
                LcdWriteCom(0x06);  //дһָ1
                LcdWriteCom(0x01);  //
                LcdWriteCom(0x80);  //ָ
              }
              #endif


MODULE INFORMATION:   STATIC OVERLAYABLE
   CODE SIZE        =     81    ----
   CONSTANT SIZE    =   ----    ----
   XDATA SIZE       =   ----    ----
   PDATA SIZE       =   ----    ----
   DATA SIZE        =   ----    ----
   IDATA SIZE       =   ----    ----
   BIT SIZE         =   ----    ----
END OF MODULE INFORMATION.


C51 COMPILATION COMPLETE.  0 WARNING(S),  0 ERROR(S)
