C51 COMPILER V9.54   ____                                                                  10/24/2019 17:41:12 PAGE 1   


C51 COMPILER V9.54, COMPILATION OF MODULE ____
OBJECT MODULE PLACED IN .\Objects\模板.obj
COMPILER INVOKED BY: D:\Keil_v5MDK\C51\BIN\C51.EXE 模板.c ROM(SMALL) OPTIMIZE(8,SPEED) BROWSE DEBUG OBJECTEXTEND PRINT(.
                    -\Listings\模板.lst) TABS(2) OBJECT(.\Objects\模板.obj)

line level    source

   1          #include <reg51.h>
   2          #include "lcd.h"
   3          
   4          sbit key1=P3^1;
   5          sbit key2=P3^0;
   6          sbit key3=P3^2;
   7          sbit key4=P3^3;
   8          
   9          void delay(unsigned int i)
  10          {
  11   1        while(i--);
  12   1      }
  13          void main()
  14          {
  15   1        LcdInit();
  16   1        LcdWriteCom(0x01+0x80);
  17   1        LcdWriteData('*');
  18   1        while(1)
  19   1        {
  20   2        }
  21   1      }


MODULE INFORMATION:   STATIC OVERLAYABLE
   CODE SIZE        =     23    ----
   CONSTANT SIZE    =   ----    ----
   XDATA SIZE       =   ----    ----
   PDATA SIZE       =   ----    ----
   DATA SIZE        =   ----    ----
   IDATA SIZE       =   ----    ----
   BIT SIZE         =   ----    ----
END OF MODULE INFORMATION.


C51 COMPILATION COMPLETE.  0 WARNING(S),  0 ERROR(S)
