C51 COMPILER V9.59.0.0   ____                                                              03/30/2019 11:00:13 PAGE 1   


C51 COMPILER V9.59.0.0, COMPILATION OF MODULE ____
OBJECT MODULE PLACED IN .\Objects\模板.obj
COMPILER INVOKED BY: C:\Keil_v5\C51\BIN\C51.EXE 模板.c OPTIMIZE(8,SPEED) BROWSE DEBUG OBJECTEXTEND PRINT(.\Listings\模板
                    -.lst) TABS(2) OBJECT(.\Objects\模板.obj)

line level    source

   1          #include <reg52.h>
   2          
   3          typedef unsigned int u16;
   4          typedef unsigned char u8;
   5          
   6          sbit k3=P3^2;  //外部中断0,快速按键
   7          sbit k4=P3^3;   //外部中断1，慢速按键
   8          
   9          u8 high=0xfc,low=0x18;  //基准 1秒亮一次
  10          u16 i=0,j=0;
  11          
  12          u8 code list[]={0xff,0xfe,0xfc,0xf8,0xf0,0xe0,0xc0,0x80,0x00};
  13          
  14          void delay(u16 i)
  15          {
  16   1        while(i--);
  17   1      }
  18          
  19          void IntEx0()     //外部中断0
  20          {
  21   1        EA=1;
  22   1        EX0=1;
  23   1        IT0=1;
  24   1      }
  25          
  26          void IntEx1()     //外部中断1
  27          {
  28   1        EA=1;
  29   1        EX1=1;
  30   1        IT1=1;
  31   1      }
  32          
  33          void IntT0()    //定时器中断0
  34          {
  35   1        EA=1;
  36   1        ET0=1;      
  37   1        TMOD=0x01;    //0000 0001
  38   1        TR0=1;      
  39   1        TH0=high;   
  40   1        TL0=low;
  41   1      }
  42          void main()
  43          {
  44   1        IntEx0();
  45   1        IntEx1();
  46   1        IntT0();
  47   1        while(1)
  48   1        {
  49   2          if(i==1000)
  50   2          {
  51   3            i=0;
  52   3            P2=list[j++];
  53   3          } 
  54   2          if(j==9) j=0;
C51 COMPILER V9.59.0.0   ____                                                              03/30/2019 11:00:13 PAGE 2   

  55   2        }
  56   1      }
  57          
  58          void Ex0() interrupt 0   //快速，1/10秒
  59          {
  60   1        delay(100);
  61   1        if(k3==0)
  62   1        {
  63   2          high=0xff;
  64   2          low=0x9c;
  65   2        }
  66   1      }
  67          void Ex1() interrupt 2  //慢速，2秒
  68          {
  69   1        delay(100);
  70   1        if(k4==0)
  71   1        {
  72   2          high=0xf8;
  73   2          low=0x30;
  74   2        }
  75   1      }
  76          
  77          void t0() interrupt 1
  78          {
  79   1        TH0=high;   
  80   1        TL0=low;
  81   1        i++;
  82   1      }


MODULE INFORMATION:   STATIC OVERLAYABLE
   CODE SIZE        =    202    ----
   CONSTANT SIZE    =      9    ----
   XDATA SIZE       =   ----    ----
   PDATA SIZE       =   ----    ----
   DATA SIZE        =      6    ----
   IDATA SIZE       =   ----    ----
   BIT SIZE         =   ----    ----
END OF MODULE INFORMATION.


C51 COMPILATION COMPLETE.  0 WARNING(S),  0 ERROR(S)
