C51 COMPILER V9.59.0.0   ____                                                              01/12/2019 12:46:12 PAGE 1   


C51 COMPILER V9.59.0.0, COMPILATION OF MODULE ____
OBJECT MODULE PLACED IN .\Objects\模板.obj
COMPILER INVOKED BY: C:\Keil_v5\C51\BIN\C51.EXE 模板.c OPTIMIZE(8,SPEED) BROWSE DEBUG OBJECTEXTEND PRINT(.\Listings\模板
                    -.lst) TABS(2) OBJECT(.\Objects\模板.obj)

line level    source

   1          #include <reg52.h>
   2          typedef unsigned int u16;
   3          typedef unsigned char u8;
   4          sbit LSA=P2^2;
   5          sbit LSB=P2^3;
   6          sbit LSC=P2^4;
   7          sbit key1=P3^1;
   8          sbit key2=P3^0;
   9          sbit key3=P3^2;
  10          sbit key4=P3^3;
  11          u8 code list[]={0x3f,0x06,0x5b,0x4f,0x66,0x6d,0x7d,0x07,0x7f,
  12                                     0x6f,0x77,0x7c,0x39,0x5e,0x79,0x71};//0到f数显的十六进制
  13          void delay(u16 i)    //延时
  14          {
  15   1         while(i--);
  16   1      }
  17          
  18          void main()
  19          {
  20   1        if(key1==0)         //按键1
  21   1        {
  22   2          LSA=0;LSB=0;LSC=0;
  23   2          delay(1000);   
  24   2          if(key1==0)
  25   2          {
  26   3            P0=list[0];
  27   3          }
  28   2          while(!key1);
  29   2        }
  30   1        if(key2==0)         //按键2
  31   1        {
  32   2          LSA=1;LSB=0;LSC=0;
  33   2          delay(1000);   
  34   2          if(key2==0)
  35   2          {
  36   3            P0=list[1];
  37   3          }
  38   2          while(!key2);;
  39   2        }
  40   1        if(key3==0)         //按键3
  41   1        {
  42   2          LSA=0;LSB=1;LSC=0;
  43   2          delay(1000);   
  44   2          if(key3==0)
  45   2          {
  46   3            P0=list[2];
  47   3          }
  48   2          while(!key3);
  49   2        }
  50   1        if(key4==0)         //按键4
  51   1        {
  52   2          LSA=1;LSB=1;LSC=0;
  53   2          delay(1000);   
  54   2          if(key4==0)
C51 COMPILER V9.59.0.0   ____                                                              01/12/2019 12:46:12 PAGE 2   

  55   2          {
  56   3            P0=list[3];
  57   3          }
  58   2          while(!key4);
  59   2        }
  60   1        
  61   1      }


MODULE INFORMATION:   STATIC OVERLAYABLE
   CODE SIZE        =    108    ----
   CONSTANT SIZE    =     16    ----
   XDATA SIZE       =   ----    ----
   PDATA SIZE       =   ----    ----
   DATA SIZE        =   ----    ----
   IDATA SIZE       =   ----    ----
   BIT SIZE         =   ----    ----
END OF MODULE INFORMATION.


C51 COMPILATION COMPLETE.  0 WARNING(S),  0 ERROR(S)
