C51 COMPILER V9.59.0.0   ____                                                              01/17/2019 20:28:34 PAGE 1   


C51 COMPILER V9.59.0.0, COMPILATION OF MODULE ____
OBJECT MODULE PLACED IN .\Objects\模板.obj
COMPILER INVOKED BY: C:\Keil_v5\C51\BIN\C51.EXE 模板.c OPTIMIZE(8,SPEED) BROWSE DEBUG OBJECTEXTEND PRINT(.\Listings\模板
                    -.lst) TABS(2) OBJECT(.\Objects\模板.obj)

line level    source

   1          #include <reg52.h>
   2          
   3          typedef unsigned int u16;
   4          typedef unsigned char u8;
   5          
   6          sbit LSA=P2^2;
   7          sbit LSB=P2^3;
   8          sbit LSC=P2^4;
   9          
  10          u8 code list[]={0x3f,0x06,0x5b,0x4f,0x66,0x6d,0x7d,0x07,0x7f,
  11                                     0x6f,0x77,0x7c,0x39,0x5e,0x79,0x71};
  12          u16 digit;
  13                                     
  14          void delay(u16 i)   
  15          {
  16   1         while(i--);
  17   1      }
  18          void keypress()
  19          {
  20   1         P1=0x0f;
  21   1         if(P1!=0x0f)
  22   1         {
  23   2           delay(1000);
  24   2           if(P1!=0x0f)
  25   2           {
  26   3             switch(P1)
  27   3             {
  28   4               case(0x07):digit=0;break;
  29   4               case(0x0b):digit=1;break;
  30   4               case(0x0d):digit=2;break;
  31   4               case(0x0e):digit=3;break;
  32   4             }
  33   3           }
  34   2         }
  35   1          P1=0xf0;
  36   1         if(P1!=0xf0)
  37   1         {
  38   2             switch(P1)
  39   2             {
  40   3               case(0x70):digit=digit;break;
  41   3               case(0xb0):digit=digit+4;break;
  42   3               case(0xd0):digit=digit+8;break;
  43   3               case(0xe0):digit=digit+12;break;
  44   3             }
  45   2         }
  46   1         delay(1000);
  47   1      }
  48          void main()
  49          {
  50   1        while(1)
  51   1        {
  52   2          keypress();
  53   2          switch(digit)
  54   2          {
C51 COMPILER V9.59.0.0   ____                                                              01/17/2019 20:28:34 PAGE 2   

  55   3            case(0):LSA=0;LSB=0;LSC=0;break;
  56   3            case(1):LSA=1;LSB=0;LSC=0;break;
  57   3            case(2):LSA=0;LSB=1;LSC=0;break;
  58   3            case(3):LSA=1;LSB=1;LSC=0;break;
  59   3            case(4):LSA=0;LSB=0;LSC=1;break;
  60   3            case(5):LSA=1;LSB=0;LSC=1;break;
  61   3            case(6):LSA=0;LSB=1;LSC=1;break;
  62   3            case(7):LSA=1;LSB=1;LSC=1;break;
  63   3            case(8):LSA=0;LSB=0;LSC=0;break;
  64   3            case(9):LSA=1;LSB=0;LSC=0;break;
  65   3            case(10):LSA=0;LSB=1;LSC=0;break;
  66   3            case(11):LSA=1;LSB=1;LSC=0;break;
  67   3            case(12):LSA=0;LSB=0;LSC=1;break;
  68   3            case(13):LSA=1;LSB=0;LSC=1;break;
  69   3            case(14):LSA=0;LSB=1;LSC=1;break;
  70   3            case(15):LSA=1;LSB=1;LSC=1;break;
  71   3          }
  72   2            P0=list[digit];
  73   2          delay(1000);
  74   2          P0=0x00;
  75   2        }
  76   1        
  77   1      }
  78          
  79          
  80          
  81          
  82          
  83          
  84          
  85          
  86          
  87          
  88          
  89          
  90          
  91          
  92          


MODULE INFORMATION:   STATIC OVERLAYABLE
   CODE SIZE        =    297    ----
   CONSTANT SIZE    =     16    ----
   XDATA SIZE       =   ----    ----
   PDATA SIZE       =   ----    ----
   DATA SIZE        =      2    ----
   IDATA SIZE       =   ----    ----
   BIT SIZE         =   ----    ----
END OF MODULE INFORMATION.


C51 COMPILATION COMPLETE.  0 WARNING(S),  0 ERROR(S)
