C51 COMPILER V9.59.0.0   UART                                                              05/11/2019 14:02:58 PAGE 1   


C51 COMPILER V9.59.0.0, COMPILATION OF MODULE UART
OBJECT MODULE PLACED IN .\Objects\uart.obj
COMPILER INVOKED BY: C:\Keil_v5\C51\BIN\C51.EXE uart.c OPTIMIZE(8,SPEED) BROWSE DEBUG OBJECTEXTEND PRINT(.\Listings\uart
                    -.lst) TABS(2) OBJECT(.\Objects\uart.obj)

line level    source

   1          #include "reg52.h"
   2          #include <UART.h>
   3          #define T5MS (65536-11059200L*5/1000/12)     //12T模式，5ms定时
   4          #define T2_BR_Reload  (65536UL -(11059200L /4/115200UL)) //Timer2 重装值，
   5          #define BUFFER_LENGTH 32
   6          unsigned char ReData[BUFFER_LENGTH];
   7          unsigned char ReceiveNum;
   8          unsigned char Num=0;
   9          /****************************************************
  10                         串口收发程序
  11          ******************************************************/
  12          
  13          void UART_Write(unsigned char *Buf,unsigned char Num)  //发送数据，数组首地址，数组数
  14          {
  15   1          unsigned char i;
  16   1          for(i=0;i<Num;i++)
  17   1          {
  18   2             SBUF = Buf[i];         //SUBF接受/发送缓冲器(又叫串行通信特殊功能寄存器)
  19   2             while(!TI);        //等特数据传送  (TI发送中断标志)
  20   2             TI=0;    
  21   2          }
  22   1      }
  23          
  24          /****************************************************
  25                         串口初始化程序
  26          ******************************************************/
  27          
  28          void UART_Init(void) 
  29          {
  30   1          TMOD = 0x21;  //定时计数器1，2同时启用
  31   1          TH1=0xF3;  //晶振12MHZ，波特率倍增，波特率4800
  32   1          TL1=0xF3;
  33   1          ET1=1;
  34   1          PCON=0x80;//SMOD波特率倍增位，只用其中的最高位
  35   1          TR1=1;  //定时器1运行
  36   1          SCON=0x50; // 0101 0000
  37   1          TH0 = T5MS>>8;
  38   1          TL0 = T5MS;
  39   1          ET0=1;  
  40   1          TR0=0;    //关闭T0定时器，等待开启
  41   1          RI=0;
  42   1          TI=0;
  43   1          REN = 1;  //允许接收
  44   1          ES  = 1;  //允许中断
  45   1          ReceiveNum=0;
  46   1      }
  47          
  48          /****************************************************
  49                         串口中断程序
  50          ******************************************************/
  51          void ser_int (void) interrupt 4   //串行中断，接收
  52          {
  53   1          if(RI == 1)        //RI接受中断标志
  54   1          {
C51 COMPILER V9.59.0.0   UART                                                              05/11/2019 14:02:58 PAGE 2   

  55   2            RI = 0;       //清除RI接受中断标志
  56   2            ReData[Num]=SBUF;  //SUBF接受/发送缓冲器  
  57   2            Num++;
  58   2            TH0 = T5MS >> 8;   //定时器回到初值重新计时
  59   2            TL0 = T5MS;
  60   2            TR0=1;
  61   2          }
  62   1      }
  63          
  64          void timer0() interrupt 1   
  65          {   
  66   1        TR0=0;          //达到规定时间，进入中断，关闭定时器中断
  67   1        ReceiveNum=Num;   //记下收到的个数
  68   1        Num=0;
  69   1      }
  70          
  71          unsigned char UART_Read(unsigned char *Buf)   //给出最终存放的数组首地址，把缓存数组的数据放入其内
  72          {
  73   1        unsigned char i;
  74   1        for(i=0; i<ReceiveNum;i++)
  75   1        {
  76   2          Buf[i]=ReData[i];
  77   2        }
  78   1        i=ReceiveNum;
  79   1        ReceiveNum=0;
  80   1        return i;    //返回数据元素个数
  81   1      }


MODULE INFORMATION:   STATIC OVERLAYABLE
   CODE SIZE        =    167    ----
   CONSTANT SIZE    =   ----    ----
   XDATA SIZE       =   ----    ----
   PDATA SIZE       =   ----    ----
   DATA SIZE        =     34       6
   IDATA SIZE       =   ----    ----
   BIT SIZE         =   ----    ----
END OF MODULE INFORMATION.


C51 COMPILATION COMPLETE.  0 WARNING(S),  0 ERROR(S)
