C51 COMPILER V9.59.0.0   ____                                                              05/11/2019 14:02:58 PAGE 1   


C51 COMPILER V9.59.0.0, COMPILATION OF MODULE ____
OBJECT MODULE PLACED IN .\Objects\模板.obj
COMPILER INVOKED BY: C:\Keil_v5\C51\BIN\C51.EXE 模板.c OPTIMIZE(8,SPEED) BROWSE DEBUG OBJECTEXTEND PRINT(.\Listings\模板
                    -.lst) TABS(2) OBJECT(.\Objects\模板.obj)

line level    source

   1          #include "reg52.h"
   2          #include <UART.h>
   3          #define MAX 32
   4          typedef unsigned int u16;
   5          typedef unsigned char u8;
   6          
   7          void main()
   8          {
   9   1        u8 i,temp;   
  10   1        u8 ReadBuf[MAX];
  11   1        u8 Read_Length;
  12   1        EA=0;
  13   1        UART_Init();
  14   1        EA=1;
  15   1        while(1)
  16   1        {
  17   2          Read_Length=UART_Read(ReadBuf);   //把接收到的数据放到ReadBuf数组里并把数据个数给Read_Length
  18   2          for(i=0;i<Read_Length/2;i++)     //数组元素反转
  19   2          { 
  20   3            temp=ReadBuf[i];
  21   3            ReadBuf[i]=ReadBuf[Read_Length-i-1];
  22   3            ReadBuf[Read_Length-i-1]=temp;
  23   3          }
  24   2          UART_Write(ReadBuf,Read_Length);
  25   2        }
  26   1      }


MODULE INFORMATION:   STATIC OVERLAYABLE
   CODE SIZE        =     77    ----
   CONSTANT SIZE    =   ----    ----
   XDATA SIZE       =   ----    ----
   PDATA SIZE       =   ----    ----
   DATA SIZE        =   ----      33
   IDATA SIZE       =   ----    ----
   BIT SIZE         =   ----    ----
END OF MODULE INFORMATION.


C51 COMPILATION COMPLETE.  0 WARNING(S),  0 ERROR(S)
