C51 COMPILER V9.59.0.0   LED7SEG                                                           06/01/2019 16:26:01 PAGE 1   


C51 COMPILER V9.59.0.0, COMPILATION OF MODULE LED7SEG
OBJECT MODULE PLACED IN .\Objects\Led7Seg.obj
COMPILER INVOKED BY: C:\Program Files (x86)\Keil\uVision5\C51\BIN\C51.EXE Led7Seg.c OPTIMIZE(8,SPEED) BROWSE DEBUG OBJEC
                    -TEXTEND PRINT(.\Listings\Led7Seg.lst) OBJECT(.\Objects\Led7Seg.obj)

line level    source

   1          #include <REG51.H>
   2          #include "STDEF.h"
   3          
   4          #define DISPLAY_SEG P2
   5          #define DISPLAY_BIT P3
   6          uchar code DecToSeg[19]={0xc0,0xf9,0xa4,0xb0,0x99,0x92,0x82,0xf8,0x80,0x90,
   7                                           0x88,0x83,0xc6,0xa1,0x86,0x8e,0xa3,0xab,0xff};
   8                                      //   '0'  '1'  '2'  '3'  '4'  '5'  '6'  '7'  '8'  '9'  
   9                                      //   'a'  'b'  'c'  'd'  'e'  'f'  'o'  'n'  ' '
  10          uchar code BitCode[4]={0x7F,0xBF,0xDF,0xEF};
  11          
  12          uchar DisplayBuf[4];
  13          uchar Cnt=0;
  14          void LED7SEG_FLUSH(void)
  15          {
  16   1              Cnt=(Cnt+1)&0x03;
  17   1              DISPLAY_SEG=DisplayBuf[Cnt];
  18   1              DISPLAY_BIT=BitCode[Cnt];
  19   1      }       
  20          
  21          void LED7SEG_WRITENUM(uchar * NumBuf)
  22          {
  23   1              DisplayBuf[0]=DecToSeg[NumBuf[0]];
  24   1              DisplayBuf[1]=DecToSeg[NumBuf[1]];
  25   1              DisplayBuf[2]=DecToSeg[NumBuf[2]];
  26   1              DisplayBuf[3]=DecToSeg[NumBuf[3]];
  27   1      }
  28          
  29          void LED7SEG_WRITECODE(uchar * CodeBuf)
  30          {
  31   1              DisplayBuf[0]=CodeBuf[0];
  32   1              DisplayBuf[1]=CodeBuf[1];
  33   1              DisplayBuf[2]=CodeBuf[2];
  34   1              DisplayBuf[3]=CodeBuf[3];
  35   1      }


MODULE INFORMATION:   STATIC OVERLAYABLE
   CODE SIZE        =     98    ----
   CONSTANT SIZE    =     23    ----
   XDATA SIZE       =   ----    ----
   PDATA SIZE       =   ----    ----
   DATA SIZE        =      5    ----
   IDATA SIZE       =   ----    ----
   BIT SIZE         =   ----    ----
END OF MODULE INFORMATION.


C51 COMPILATION COMPLETE.  0 WARNING(S),  0 ERROR(S)
