C51 COMPILER V9.59.0.0   MAIN                                                              06/05/2019 00:21:47 PAGE 1   


C51 COMPILER V9.59.0.0, COMPILATION OF MODULE MAIN
OBJECT MODULE PLACED IN .\Objects\main.obj
COMPILER INVOKED BY: C:\Program Files (x86)\Keil\uVision5\C51\BIN\C51.EXE main.c OPTIMIZE(8,SPEED) BROWSE DEBUG OBJECTEX
                    -TEND PRINT(.\Listings\main.lst) OBJECT(.\Objects\main.obj)

line level    source

   1          #include "STC15Fxxxx.h"
   2          #include "STDEF.h"
   3          #include "PWM.h"
   4          #include "ADC.h"
   5          #include "UART.h"
   6          
   7          #define T50MS (65536-MAIN_Fosc*50/1000/12)              //50ms定时
   8          
   9          uchar base = 40;
  10          
  11          uchar sec;
  12          
  13          void Timer1_Init(void)
  14          {
  15   1      
  16   1              TMOD &= 0x0F;           //定时器工作模式1，16位定时模式
  17   1              TH1  = T50MS>>8;
  18   1              TL1  = T50MS;           //定时50ms
  19   1              ET1  = 1;                       //打开定时器1中断
  20   1              TR1  = 1;                       //定时器1待启动
  21   1              sec = 0;
  22   1      }
  23          
  24          void UART_Voltage(float buf)   //串口传回电压值
  25          {
  26   1              uchar a,b,c;     //电压值 a.bc
  27   1              a=buf*100/100;
  28   1              buf=buf-a;
  29   1              b=buf*100/10;
  30   1              buf=buf-0.1*b;
  31   1              c=buf*100;
  32   1              UART_Write_Byte('0'+ a);
  33   1              UART_Write_Byte('.');
  34   1              UART_Write_Byte('0'+ b);
  35   1              UART_Write_Byte('0'+ c);
  36   1              UART_Write_Byte('V');   //V
  37   1              UART_Write_Byte(0x09);  //TAB
  38   1      }
  39          
  40          void main()
  41          {
  42   1              float Voltage_Left , Voltage_Right, differ;
  43   1              Timer1_INIT();
*** WARNING C206 IN LINE 43 OF main.c: 'Timer1_INIT': missing function-prototype
  44   1              UART_INIT();
  45   1              ADC_INIT();
  46   1              PWM_INIT();
  47   1              
  48   1              
  49   1              EADC=1;
  50   1              EA = 1;
  51   1              
  52   1              PWM_Out(left , 40);
  53   1              PWM_Out(right , 40);
C51 COMPILER V9.59.0.0   MAIN                                                              06/05/2019 00:21:47 PAGE 2   

  54   1              
  55   1              
  56   1              while(1)
  57   1              {
  58   2                      Voltage_Left  = ADC_Read(0)/51.0;
  59   2                      Voltage_Right = ADC_Read(1)/51.0;
  60   2                      differ=Voltage_Left - Voltage_Right;
  61   2      
  62   2      
  63   2      
  64   2                      if (differ < 0)
  65   2                      {
  66   3                              PWM_Out(left, 50);
  67   3                              PWM_Out(right, 30);
  68   3                      }
  69   2      
  70   2                      if (differ > 0)
  71   2                      {
  72   3                              PWM_Out(right, 50);
  73   3                              PWM_Out(left, 30);
  74   3                      }
  75   2      
  76   2              
  77   2      
  78   2                      if (sec == 40)          //1秒到
  79   2                      {
  80   3                              UART_Voltage(Voltage_Left);
  81   3                              UART_Voltage(Voltage_Right);
  82   3                              UART_Voltage(differ);
  83   3                              UART_Write_Byte('\n');
  84   3                              
  85   3                              sec = 0;
  86   3                      }
  87   2              
  88   2              }
  89   1      
  90   1      }
  91          
  92          void timer1() interrupt TIMER1_VECTOR using 1
  93          {
  94   1                      TH0  = T50MS>>8;
  95   1                      TL0  = T50MS;           //定时50ms
  96   1                      sec++;                  //50ms到,sec++
  97   1      }


MODULE INFORMATION:   STATIC OVERLAYABLE
   CODE SIZE        =    504    ----
   CONSTANT SIZE    =   ----    ----
   XDATA SIZE       =   ----    ----
   PDATA SIZE       =   ----    ----
   DATA SIZE        =      2      19
   IDATA SIZE       =   ----    ----
   BIT SIZE         =   ----    ----
END OF MODULE INFORMATION.


C51 COMPILATION COMPLETE.  1 WARNING(S),  0 ERROR(S)
