C51 COMPILER V9.59.0.0   TICK                                                              06/01/2019 16:25:57 PAGE 1   


C51 COMPILER V9.59.0.0, COMPILATION OF MODULE TICK
OBJECT MODULE PLACED IN .\Objects\TICK.obj
COMPILER INVOKED BY: C:\Program Files (x86)\Keil\uVision5\C51\BIN\C51.EXE TICK.c OPTIMIZE(8,SPEED) BROWSE DEBUG OBJECTEX
                    -TEND PRINT(.\Listings\TICK.lst) OBJECT(.\Objects\TICK.obj)

line level    source

   1          #include "STC15Fxxxx.h"
   2          #include "STDEF.h"
   3          //#include "ledshift.h"
   4          //#include "task.h"
   5          
   6          #define T5MS (65536-MAIN_Fosc*5/1000/12)     //12T模式，5ms定时
   7          
   8          uchar Count=0;
   9          
  10          void TICK_INIT(void)
  11          {
  12   1              TMOD &= 0x0F;        //方式0
  13   1              TL1 = (uchar)T5MS;        //??????
  14   1              TH1 = (uchar)(T5MS>>8);
  15   1              TR1 = 1; //???0????
  16   1              ET1 = 1; //???0??
  17   1      }
  18          
  19          
  20          void TIMER1_ISR() interrupt 3 using 1
  21          {
  22   1      //      PeriodTask5ms();
  23   1              if(Count++>=200)
  24   1              {
  25   2                      Count=0;
  26   2      //              PeriodTask1s();
  27   2              }
  28   1      }
  29          


MODULE INFORMATION:   STATIC OVERLAYABLE
   CODE SIZE        =     43    ----
   CONSTANT SIZE    =   ----    ----
   XDATA SIZE       =   ----    ----
   PDATA SIZE       =   ----    ----
   DATA SIZE        =      1    ----
   IDATA SIZE       =   ----    ----
   BIT SIZE         =   ----    ----
END OF MODULE INFORMATION.


C51 COMPILATION COMPLETE.  0 WARNING(S),  0 ERROR(S)
