C51 COMPILER V9.59.0.0   ____                                                              04/21/2019 12:15:29 PAGE 1   


C51 COMPILER V9.59.0.0, COMPILATION OF MODULE ____
OBJECT MODULE PLACED IN .\Objects\模板.obj
COMPILER INVOKED BY: C:\Keil_v5\C51\BIN\C51.EXE 模板.c OPTIMIZE(8,SPEED) BROWSE DEBUG OBJECTEXTEND PRINT(.\Listings\模板
                    -.lst) TABS(2) OBJECT(.\Objects\模板.obj)

line level    source

   1          #include <reg52.h>
   2          typedef unsigned int u16;
   3          typedef unsigned char u8;
   4          sbit key1=P3^2;
   5          sbit key2=P3^3;
   6          sbit PWM=P1^0;
   7          u8 code list[]={0x01,0x02,0x04,0x08,0x08,0x04,0x02,0x01};
   8          int on_off = 0; //作为电机的开关
   9          void delay(u16 i)
  10          {
  11   1        while(i--);
  12   1      }
  13          void main()
  14          {
  15   1        while(1)
  16   1        {
  17   2          PWM=1;
  18   2          delay(50000);
  19   2          delay(50000);
  20   2          delay(50000);
  21   2          delay(50000);
  22   2          PWM=0;
  23   2          delay(50000);
  24   2          delay(50000);
  25   2          delay(50000);
  26   2          delay(50000);
  27   2        }
  28   1      }
  29          
  30          void EX0_key1() interrupt 0  //电机启动
  31          {
  32   1        on_off = 1;
  33   1      }
  34          
  35          void EX1_key2() interrupt 2  //电机关闭
  36          {
  37   1        on_off = 0;
  38   1      }


MODULE INFORMATION:   STATIC OVERLAYABLE
   CODE SIZE        =     62    ----
   CONSTANT SIZE    =      8    ----
   XDATA SIZE       =   ----    ----
   PDATA SIZE       =   ----    ----
   DATA SIZE        =      2    ----
   IDATA SIZE       =   ----    ----
   BIT SIZE         =   ----    ----
END OF MODULE INFORMATION.


C51 COMPILATION COMPLETE.  0 WARNING(S),  0 ERROR(S)
