C51 COMPILER V9.59.0.0   MAIN                                                              05/11/2019 09:27:36 PAGE 1   


C51 COMPILER V9.59.0.0, COMPILATION OF MODULE MAIN
OBJECT MODULE PLACED IN .\Objects\main.obj
COMPILER INVOKED BY: C:\Keil_v5\C51\BIN\C51.EXE main.c LARGE OPTIMIZE(8,SPEED) BROWSE DEBUG OBJECTEXTEND PRINT(.\Listing
                    -s\main.lst) TABS(2) OBJECT(.\Objects\main.obj)

line level    source

   1          #include <STC15F2K60S2.H>
   2          #include <UART.h>
   3          #include <ADC.h>
   4          typedef unsigned int uint;
   5          typedef unsigned char uchar;
   6          uint count=0;
   7          uchar num[]={0x30,0x31,0x32,0x33,0x34,0x35,0x36,0x37,0x38,0x39,0x2e};
   8                      //数字0~9ASCII码的十六进制表示，外加小数点的十六进制表示
   9          float Dec_data[8];  //转换成10进制
  10          
  11          void Dec2Char(float dec)   //显示
  12          {
  13   1        int a,b,c;     //取十进制的前三位
  14   1        a=dec*100/100;
  15   1        dec=dec-a;
  16   1        b=dec*100/10;
  17   1        dec=dec-0.1*b;
  18   1        c=dec*1000/10;
  19   1        UART_Write_byte(num[a]);
  20   1        UART_Write_byte(num[10]); //.
  21   1        UART_Write_byte(num[b]);
  22   1        UART_Write_byte(num[c]);
  23   1        UART_Write_byte(0x56);   //V
  24   1        UART_Write_byte(0x09);   //TAB
  25   1      }
  26          void Timer0_Init(void)    
  27          {
  28   1        AUXR |= 0x80;   
  29   1        TMOD &= 0xF0;   
  30   1        TL0 = 0xCD;   
  31   1        TH0 = 0xD4;   
  32   1        TF0 = 0;    
  33   1        ET0 = 1;    
  34   1        TR0 = 1;    
  35   1      }
  36          
  37          void main()
  38          {
  39   1        EA=0;
  40   1        UART_Init();
  41   1        Timer0_Init();
  42   1        ADC_Init();
  43   1        EA=1;
  44   1        EADC=1; //打开A/C转换中断
  45   1        P54=1;
  46   1        P47=0;
  47   1        while(1)
  48   1        {
  49   2          if(count>=3000)
  50   2          {
  51   3            count=0;
  52   3            Dec_data[0]=5*(ADC_Read(0)/256.0);               //显示
  53   3            Dec2Char(Dec_data[0]);
  54   3            UART_Write_byte('\n');
C51 COMPILER V9.59.0.0   MAIN                                                              05/11/2019 09:27:36 PAGE 2   

  55   3          }
  56   2        }
  57   1      }
  58          
  59          void Timer0_Routine(void) interrupt 1
  60          {
  61   1        count++;
  62   1      }


MODULE INFORMATION:   STATIC OVERLAYABLE
   CODE SIZE        =    493    ----
   CONSTANT SIZE    =   ----    ----
   XDATA SIZE       =     45      10
   PDATA SIZE       =   ----    ----
   DATA SIZE        =   ----    ----
   IDATA SIZE       =   ----    ----
   BIT SIZE         =   ----    ----
END OF MODULE INFORMATION.


C51 COMPILATION COMPLETE.  0 WARNING(S),  0 ERROR(S)
