C51 COMPILER V9.59.0.0   ____                                                              04/22/2019 19:14:23 PAGE 1   


C51 COMPILER V9.59.0.0, COMPILATION OF MODULE ____
OBJECT MODULE PLACED IN .\Objects\模板.obj
COMPILER INVOKED BY: C:\Keil_v5\C51\BIN\C51.EXE 模板.c OPTIMIZE(8,SPEED) BROWSE DEBUG OBJECTEXTEND PRINT(.\Listings\模板
                    -.lst) TABS(2) OBJECT(.\Objects\模板.obj)

line level    source

   1          #include <reg52.h>
   2          #include <intrins.h>
   3          #include <stdlib.h>
   4          typedef unsigned int u16;
   5          typedef unsigned char u8;
   6          sbit RCLK_=P3^5;
   7          sbit SRCLK=P3^6;
   8          sbit SER=P3^4;
   9          u16 flag=0;
  10          u8 code point[][2]={{0x7f,0x80},{0xbf,0x80},{0xdf,0x80},{0xef,0x80},{0xf7,0x80},{0xfb,0x80},{0xfd,0x80},{0
             -xfe,0x80},
  11                              {0x7f,0x40},{0xbf,0x40},{0xdf,0x40},{0xef,0x40},{0xf7,0x40},{0xfb,0x40},{0xfd,0x40},{0xfe,0x40},
  12                              {0x7f,0x20},{0xbf,0x20},{0xdf,0x20},{0xef,0x20},{0xf7,0x20},{0xfb,0x20},{0xfd,0x20},{0xfe,0x20},
  13                              {0x7f,0x10},{0xbf,0x10},{0xdf,0x10},{0xef,0x10},{0xf7,0x10},{0xfb,0x10},{0xfd,0x10},{0xfe,0x10},
  14                              {0x7f,0x08},{0xbf,0x08},{0xdf,0x08},{0xef,0x08},{0xf7,0x08},{0xfb,0x08},{0xfd,0x08},{0xfe,0x08},
  15                              {0x7f,0x04},{0xbf,0x04},{0xdf,0x04},{0xef,0x04},{0xf7,0x04},{0xfb,0x04},{0xfd,0x04},{0xfe,0x04},
  16                              {0x7f,0x02},{0xbf,0x02},{0xdf,0x02},{0xef,0x02},{0xf7,0x02},{0xfb,0x02},{0xfd,0x02},{0xfe,0x02},
  17                              {0x7f,0x01},{0xbf,0x01},{0xdf,0x01},{0xef,0x01},{0xf7,0x01},{0xfb,0x01},{0xfd,0x01},{0xfe,0x01}}
             -;
  18          
  19          u8 P0duan[]={0x7f,0xbf,0xdf,0xef,0xf7,0xfb,0xfd,0xfe};
  20          u8 code list[][8]={{0x00,0x3c,0x42,0x81,0x81,0x42,0x3c,0x00},
  21                             {0x00,0x02,0x02,0x42,0xfe,0x02,0x02,0x00},
  22                             {0x00,0x22,0x46,0x8a,0x52,0x22,0x02,0x00},
  23                             {0x00,0x00,0x42,0x81,0x89,0x89,0x77,0x00},
  24                             {0x00,0x18,0x28,0x48,0xff,0x08,0x08,0x00},
  25                             {0x00,0x71,0x89,0x89,0x89,0x8e,0x00,0x00},
  26                             {0x00,0x3e,0x51,0x91,0x91,0x0e,0x00,0x00},
  27                             {0x00,0x80,0x80,0x9f,0xa0,0xc0,0x80,0x00},
  28                             {0x00,0x76,0x89,0x89,0x89,0x76,0x00,0x00},
  29                             {0x00,0x72,0x89,0x89,0x89,0x7f,0x00,0x00}};
  30          void delay(u16 i)
  31          {
  32   1        while(i--);
  33   1      }
  34          
  35          void hc595byte(u8 dat)   //作用是给点阵的阳极高低电平
  36          {
  37   1        u16 i;
  38   1        RCLK_=0;
  39   1        SRCLK=0;
  40   1        for(i=0;i<8;i++)   //一位位将data送入移位寄存器，先高位，后低位
  41   1        {
  42   2          SER=dat>>7;   //取最高位
  43   2          dat=dat<<1;   //移去最高位，最低位补0
  44   2          SRCLK=1;   //移位寄存器，产生一个上升沿，将SER的数据移入移位寄存器
  45   2          _nop_();   //延时
  46   2          _nop_();
  47   2          SRCLK=0;   //归零，以便再次产生上升沿
  48   2        }
  49   1        RCLK_=1;   //存储寄存器产生上升沿，将SER已移入的数据送给输出端
  50   1      }
  51          
  52          void open_point(u16 pos)  //传递某一点在点阵中的位置，点亮某一点
C51 COMPILER V9.59.0.0   ____                                                              04/22/2019 19:14:23 PAGE 2   

  53          {
  54   1        P0=point[pos][0];
  55   1        hc595byte(point[pos][1]);
  56   1      }
  57          
  58          void Init_Ex0()
  59          {
  60   1        EA=1;
  61   1        EX0=1;
  62   1        IT0=1;
  63   1      }
  64          void main()
  65          {
  66   1        u16 i;
  67   1        Init_Ex0();
  68   1        while(1)
  69   1        {
  70   2          u16 point_random=rand()%64;
  71   2          open_point(point_random);
  72   2          if(flag==1)
  73   2          {
  74   3            point_random=rand()%10;
  75   3            while(1)
  76   3            {
  77   4              for(i=0;i<8;i++)
  78   4              {
  79   5                P0=P0duan[i];
  80   5                hc595byte(list[point_random][i]);
  81   5                delay(100);
  82   5                hc595byte(0x00);
  83   5              }
  84   4            }
  85   3          }
  86   2        }
  87   1      }
  88          void ex0() interrupt 0
  89          {
  90   1        flag=1;
  91   1      }


MODULE INFORMATION:   STATIC OVERLAYABLE
   CODE SIZE        =    238    ----
   CONSTANT SIZE    =    208    ----
   XDATA SIZE       =   ----    ----
   PDATA SIZE       =   ----    ----
   DATA SIZE        =     10       4
   IDATA SIZE       =   ----    ----
   BIT SIZE         =   ----    ----
END OF MODULE INFORMATION.


C51 COMPILATION COMPLETE.  0 WARNING(S),  0 ERROR(S)
