C51 COMPILER V9.59.0.0   UART                                                              06/06/2019 16:13:52 PAGE 1   


C51 COMPILER V9.59.0.0, COMPILATION OF MODULE UART
OBJECT MODULE PLACED IN .\Objects\uart.obj
COMPILER INVOKED BY: C:\Keil_v5\C51\BIN\C51.EXE uart.c OPTIMIZE(8,SPEED) BROWSE DEBUG OBJECTEXTEND PRINT(.\Listings\uart
                    -.lst) TABS(2) OBJECT(.\Objects\uart.obj)

line level    source

   1          #include "STC15F2K60S2.h"
   2          
   3          /****************************************************
   4                         串口收发程序
   5          ******************************************************/
   6          
   7          void UART_Write(unsigned char *Buf,unsigned char Num)  //发送数据，数组首地址，数组数 
   8          {
   9   1          unsigned char i;
  10   1          for(i=0;i<Num;i++)
  11   1          {
  12   2             SBUF = Buf[i];         //SUBF接受/发送缓冲器(又叫串行通信特殊功能寄存器)
  13   2             while(!TI);        //等特数据传送  (TI发送中断标志)
  14   2             TI=0;    
  15   2          }
  16   1      }
  17          
  18          void UART_Write_byte(unsigned char dat)
  19          {
  20   1        SBUF=dat;
  21   1        while(!TI);
  22   1        TI=0;
  23   1      }
  24          
  25          /***********************************************************
  26                              串口初始化程序
  27          ************************************************************/
  28          
  29          void UART_Init(void)    //9600bps@11.0592MHz
  30          {
  31   1        SCON = 0x50;    //8位数据,可变波特率
  32   1        AUXR |= 0x40;   //定时器1时钟为Fosc,即1T
  33   1        AUXR &= 0xFE;   //串口1选择定时器1为波特率发生器
  34   1        TMOD &= 0x0F;   //设定定时器1为16位自动重装方式
  35   1        TL1 = 0xE0;   //设定定时初值
  36   1        TH1 = 0xFE;   //设定定时初值
  37   1        ET1 = 0;    //禁止定时器1中断
  38   1        TR1 = 1;    //启动定时器1
  39   1      }


MODULE INFORMATION:   STATIC OVERLAYABLE
   CODE SIZE        =     69    ----
   CONSTANT SIZE    =   ----    ----
   XDATA SIZE       =   ----    ----
   PDATA SIZE       =   ----    ----
   DATA SIZE        =   ----       3
   IDATA SIZE       =   ----    ----
   BIT SIZE         =   ----    ----
END OF MODULE INFORMATION.


C51 COMPILATION COMPLETE.  0 WARNING(S),  0 ERROR(S)
