C51 COMPILER V9.59.0.0   ____                                                              04/14/2019 18:13:06 PAGE 1   


C51 COMPILER V9.59.0.0, COMPILATION OF MODULE ____
OBJECT MODULE PLACED IN .\Objects\模板.obj
COMPILER INVOKED BY: C:\Keil_v5\C51\BIN\C51.EXE 模板.c OPTIMIZE(8,SPEED) BROWSE DEBUG OBJECTEXTEND PRINT(.\Listings\模板
                    -.lst) TABS(2) OBJECT(.\Objects\模板.obj)

line level    source

   1          #include <reg52.h>
   2          typedef unsigned int u16;
   3          typedef unsigned char u8;
   4          
   5          int sum=48;
   6          u8 list[]="times";
   7          
   8          void Uart_init()
   9          {
  10   1        TMOD=0x20;//定时器1,八位自动重装方式
  11   1        TH1=0xF3;  //晶振12MHZ，波特率倍增，波特率4800
  12   1        TL1=0xF3;
  13   1        PCON=0x80;//SMOD波特率倍增位，只用其中的最高位
  14   1        TR1=1;  //定时器1运行
  15   1        SCON=0x50; // 0101 0000
  16   1        EX0=1;  //打开外部中断0
  17   1        IT0=1;  //下降沿触发
  18   1        ES=1;
  19   1        EA=1;
  20   1      }
  21          
  22          
  23          void main()
  24          {
  25   1        Uart_init();
  26   1        while(1);
  27   1      }
  28          void Ex0() interrupt 0
  29          {
  30   1        int i;
  31   1        sum++;
  32   1        for(i=0;i<5;i++)
  33   1        {
  34   2          SBUF=list[i];
  35   2          while(!TI);
  36   2          TI=0;
  37   2        }
  38   1        SBUF=sum;// 发送的是ASCII,不是的为什么。。。
  39   1        while(!TI);
  40   1        TI=0;
  41   1      }
  42          
  43          
  44            


MODULE INFORMATION:   STATIC OVERLAYABLE
   CODE SIZE        =     97    ----
   CONSTANT SIZE    =   ----    ----
   XDATA SIZE       =   ----    ----
   PDATA SIZE       =   ----    ----
   DATA SIZE        =      8    ----
   IDATA SIZE       =   ----    ----
   BIT SIZE         =   ----    ----
C51 COMPILER V9.59.0.0   ____                                                              04/14/2019 18:13:06 PAGE 2   

END OF MODULE INFORMATION.


C51 COMPILATION COMPLETE.  0 WARNING(S),  0 ERROR(S)
