C51 COMPILER V9.59.0.0   ____                                                              01/15/2019 15:30:33 PAGE 1   


C51 COMPILER V9.59.0.0, COMPILATION OF MODULE ____
OBJECT MODULE PLACED IN .\Objects\模板.obj
COMPILER INVOKED BY: C:\Keil_v5\C51\BIN\C51.EXE 模板.c OPTIMIZE(8,SPEED) BROWSE DEBUG OBJECTEXTEND PRINT(.\Listings\模板
                    -.lst) TABS(2) OBJECT(.\Objects\模板.obj)

line level    source

   1          #include <reg52.h>
   2          #include <intrins.h>
   3          typedef unsigned int u16;
   4          typedef unsigned char u8;
   5          sbit RCLK_=P3^5;
   6          sbit SRCLK=P3^6;
   7          sbit SER=P3^4;
   8          void delay(u16 i)
   9          {
  10   1        while(i--);
  11   1      }
  12          void hc595byte(u8 dat)
  13          {
  14   1        u16 i;
  15   1        RCLK_=0;
  16   1        SRCLK=0;
  17   1        for(i=0;i<8;i++)   //一位位将data送入移位寄存器，先高位，后低位
  18   1        {
  19   2          SER=dat>>7;   //取最高位
  20   2          dat=dat<<1;   //移去最高位，最低位补0
  21   2          SRCLK=1;   //移位寄存器，产生一个上升沿，将SER的数据移入移位寄存器
  22   2          _nop_();   //延时
  23   2          _nop_();
  24   2          SRCLK=0;   //归零，以便再次产生上升沿
  25   2        }
  26   1        RCLK_=1;   //存储寄存器产生上升沿，将SER已移入的数据送给输出端
  27   1      }
  28          u8 P0duan[]={0x7f,0xbf,0xdf,0xef,0xf7,0xfb,0xfd,0xfe};
  29          u8 zero595[]={0x00,0x3c,0x42,0x81,0x81,0x42,0x3c,0x00};
  30          u8 one595[]={0x00,0x02,0x02,0x42,0xfe,0x02,0x02,0x00};
  31          u8 two595[]={0x00,0x22,0x46,0x8a,0x52,0x22,0x02,0x00};
  32          u8 three595[]={0x00,0x00,0x42,0x81,0x89,0x89,0x77,0x00};
  33          u8 four595[]={0x00,0x18,0x28,0x48,0xff,0x08,0x08,0x00};
  34          u8 five595[]={0x00,0x71,0x89,0x89,0x89,0x8e,0x00,0x00};
  35          u8 six595[]={0x00,0x3e,0x51,0x91,0x91,0x0e,0x00,0x00};
  36          u8 seven595[]={0x00,0x80,0x80,0x9f,0xa0,0xc0,0x80,0x00};
  37          u8 eight595[]={0x00,0x76,0x89,0x89,0x89,0x76,0x00,0x00};
  38          u8 nine595[]={0x00,0x72,0x89,0x89,0x89,0x7f,0x00,0x00};
  39          void display(u8 a[])
  40          {
  41   1        u16 i,j;
  42   1        for(j=0;j<100;j++)
  43   1        {
  44   2          for(i=0;i<8;i++)
  45   2          {
  46   3             P0=P0duan[i];
  47   3             hc595byte(a[i]);
  48   3             delay(100);
  49   3             hc595byte(0x00);
  50   3          }
  51   2        }
  52   1      }
  53          void main()
  54          {
C51 COMPILER V9.59.0.0   ____                                                              01/15/2019 15:30:33 PAGE 2   

  55   1        u16 j;
  56   1        while(1)
  57   1        {
  58   2          for(j=0;j<10;j++)
  59   2          {
  60   3            switch(j)
  61   3            {
  62   4              case (0):display(zero595);break;
  63   4              case (1):display(one595);break;
  64   4              case (2):display(two595);break;
  65   4              case (3):display(three595);break;
  66   4              case (4):display(four595);break;
  67   4              case (5):display(five595);break;
  68   4              case (6):display(six595);break;
  69   4              case (7):display(seven595);break;
  70   4              case (8):display(eight595);break;
  71   4              case (9):display(nine595);break;
  72   4            }
  73   3            delay(1000);
  74   3          }
  75   2        }
  76   1        
  77   1      }


MODULE INFORMATION:   STATIC OVERLAYABLE
   CODE SIZE        =    310    ----
   CONSTANT SIZE    =   ----    ----
   XDATA SIZE       =   ----    ----
   PDATA SIZE       =   ----    ----
   DATA SIZE        =     88       9
   IDATA SIZE       =   ----    ----
   BIT SIZE         =   ----    ----
END OF MODULE INFORMATION.


C51 COMPILATION COMPLETE.  0 WARNING(S),  0 ERROR(S)
