C51 COMPILER V9.59.0.0   DIGI                                                              04/21/2019 12:27:07 PAGE 1   


C51 COMPILER V9.59.0.0, COMPILATION OF MODULE DIGI
OBJECT MODULE PLACED IN .\Objects\digi.obj
COMPILER INVOKED BY: C:\Keil_v5\C51\BIN\C51.EXE digi.c OPTIMIZE(8,SPEED) BROWSE DEBUG OBJECTEXTEND PRINT(.\Listings\digi
                    -.lst) TABS(2) OBJECT(.\Objects\digi.obj)

line level    source

   1          //´Ó»ú´úÂë
   2          
   3          #include <reg52.h>
   4          #include "UART.h"
   5          #include "digital.h"
   6          
   7          sbit LSA=P2^2;
   8          sbit LSB=P2^3;
   9          sbit LSC=P2^4;
  10          
  11          void main()
  12          {
  13   1        LSA=0;LSB=0;LSC=0;
  14   1        P0=list[0];
  15   1        Uart_init();
  16   1        while(1);
  17   1      }


MODULE INFORMATION:   STATIC OVERLAYABLE
   CODE SIZE        =     14    ----
   CONSTANT SIZE    =   ----    ----
   XDATA SIZE       =   ----    ----
   PDATA SIZE       =   ----    ----
   DATA SIZE        =   ----    ----
   IDATA SIZE       =   ----    ----
   BIT SIZE         =   ----    ----
END OF MODULE INFORMATION.


C51 COMPILATION COMPLETE.  0 WARNING(S),  0 ERROR(S)
