C51 COMPILER V9.59.0.0   UART                                                              04/21/2019 12:27:08 PAGE 1   


C51 COMPILER V9.59.0.0, COMPILATION OF MODULE UART
OBJECT MODULE PLACED IN .\Objects\UART.obj
COMPILER INVOKED BY: C:\Keil_v5\C51\BIN\C51.EXE UART.c OPTIMIZE(8,SPEED) BROWSE DEBUG OBJECTEXTEND PRINT(.\Listings\UART
                    -.lst) TABS(2) OBJECT(.\Objects\UART.obj)

line level    source

   1          
   2          //UART驱动代码.c文件
   3          
   4          #include <reg52.h>
   5          #include "UART.h"
   6          #include "digital.h"
   7          
   8          void Uart_init()
   9          {
  10   1        TMOD=0x20;//定时器1,八位自动重装方式
  11   1        TH1=0xF3;  //晶振12MHZ，波特率倍增，波特率4800
  12   1        TL1=0xF3;
  13   1        PCON=0x80;//SMOD波特率倍增位，只用其中的最高位
  14   1        TR1=1;  //定时器1运行
  15   1        SCON=0x50; // 0101 0000
  16   1        ES=1;
  17   1        EA=1;
  18   1      }
  19          
  20          void Uart_Send_Receive() interrupt 4  //用于接收并发送信息
  21          {
  22   1        RI=0;
  23   1        display();
  24   1        ES=0;       //关掉通信中断，否则发送完信息又会进入中断
  25   1        SBUF=1;
  26   1        while(!TI);
  27   1        TI=0;
  28   1        ES=1;
  29   1      }


MODULE INFORMATION:   STATIC OVERLAYABLE
   CODE SIZE        =     95    ----
   CONSTANT SIZE    =   ----    ----
   XDATA SIZE       =   ----    ----
   PDATA SIZE       =   ----    ----
   DATA SIZE        =   ----    ----
   IDATA SIZE       =   ----    ----
   BIT SIZE         =   ----    ----
END OF MODULE INFORMATION.


C51 COMPILATION COMPLETE.  0 WARNING(S),  0 ERROR(S)
