C51 COMPILER V9.59.0.0   ____                                                              01/15/2019 20:20:48 PAGE 1   


C51 COMPILER V9.59.0.0, COMPILATION OF MODULE ____
OBJECT MODULE PLACED IN .\Objects\模板.obj
COMPILER INVOKED BY: C:\Keil_v5\C51\BIN\C51.EXE 模板.c OPTIMIZE(8,SPEED) BROWSE DEBUG OBJECTEXTEND PRINT(.\Listings\模板
                    -.lst) TABS(2) OBJECT(.\Objects\模板.obj)

line level    source

   1          #include <reg52.h>
   2          typedef unsigned int u16;
   3          typedef unsigned char u8;
   4          sbit led1=P2^0;
   5          sbit key3=P3^2;
   6          sbit key4=P3^3;
   7          sbit led2=P2^1;
   8          void delay(u16 i)
   9          {
  10   1        while(i--);
  11   1      }
  12          
  13          void Int_ex0()
  14          {
  15   1        EA=1;   //中断总允许位 打开
  16   1        EX0=1;   //外部中断0允许位 打开
  17   1        IT0=1;   //选择触发方式 为下降沿触发
  18   1      }
  19          
  20          void Int_ex1()
  21          {
  22   1        EA=1;
  23   1        EX1=1;
  24   1        IT1=1;
  25   1      }
  26          
  27          void main()
  28          {
  29   1        Int_ex0();
  30   1        Int_ex1();
  31   1        while(1);
  32   1      }
  33          void IntIE0() interrupt 0
  34          {
  35   1        delay(1000);
  36   1        if(key3==0)
  37   1          led1=~led1;
  38   1      }
  39          void IntIE1() interrupt 2
  40          {
  41   1        delay(1000);
  42   1        if(key4==0)
  43   1          led2=~led2;
  44   1      }
  45          
  46          
  47          
  48          
  49          


MODULE INFORMATION:   STATIC OVERLAYABLE
   CODE SIZE        =    105    ----
   CONSTANT SIZE    =   ----    ----
C51 COMPILER V9.59.0.0   ____                                                              01/15/2019 20:20:48 PAGE 2   

   XDATA SIZE       =   ----    ----
   PDATA SIZE       =   ----    ----
   DATA SIZE        =   ----    ----
   IDATA SIZE       =   ----    ----
   BIT SIZE         =   ----    ----
END OF MODULE INFORMATION.


C51 COMPILATION COMPLETE.  0 WARNING(S),  0 ERROR(S)
