C51 COMPILER V9.59.0.0   LED                                                               01/16/2019 13:17:41 PAGE 1   


C51 COMPILER V9.59.0.0, COMPILATION OF MODULE LED
OBJECT MODULE PLACED IN .\Objects\LED.obj
COMPILER INVOKED BY: C:\Keil_v5\C51\BIN\C51.EXE LED.c OPTIMIZE(8,SPEED) BROWSE DEBUG OBJECTEXTEND PRINT(.\Listings\LED.l
                    -st) TABS(2) OBJECT(.\Objects\LED.obj)

line level    source

   1          #include <reg52.h>
   2          typedef unsigned int u16;
   3          
   4          sbit led=P2^0;
   5          
   6          void IntT0()
   7          {
   8   1        EA=1;       //打开中断总允许位
   9   1        ET0=1;      //打开定时计数器中断允许位
  10   1        TMOD|=0x01;  //设置工作方式(GATE,C/T,M1M0)
  11   1        TR0=1;      //置1，允许T0运行
  12   1        TH0=0xfc;   //设置初值
  13   1        TL0=0x18;
  14   1      }
  15          u16 i=0;
  16          void main()
  17          {
  18   1        IntT0(); 
  19   1        while(1)
  20   1        {
  21   2             if(i==1000)
  22   2           {
  23   3              i=0;
  24   3              led=~led;
  25   3           }
  26   2         }
  27   1      }
  28          void t0() interrupt 1
  29          {
  30   1        TH0=0xfc;   // 回到初值，重新计时
  31   1        TL0=0x18;
  32   1        i++;
  33   1      }


MODULE INFORMATION:   STATIC OVERLAYABLE
   CODE SIZE        =     57    ----
   CONSTANT SIZE    =   ----    ----
   XDATA SIZE       =   ----    ----
   PDATA SIZE       =   ----    ----
   DATA SIZE        =      2    ----
   IDATA SIZE       =   ----    ----
   BIT SIZE         =   ----    ----
END OF MODULE INFORMATION.


C51 COMPILATION COMPLETE.  0 WARNING(S),  0 ERROR(S)
